<?xml version="1.0" encoding="UTF-8"?>
<coverage generated="1395229694">
  <project timestamp="1395229694">
    <package name="Eloquent\Endec\Base16">
      <file name="/home/travis/build/ezzatron/endec/src/Base16/Base16.php">
        <class name="Base16" namespace="Eloquent\Endec\Base16">
          <metrics methods="2" coveredmethods="2" conditionals="0" coveredconditionals="0" statements="9" coveredstatements="9" elements="11" coveredelements="11"/>
        </class>
        <line num="30" type="method" name="instance" crap="2" count="1"/>
        <line num="32" type="stmt" count="1"/>
        <line num="33" type="stmt" count="1"/>
        <line num="36" type="stmt" count="1"/>
        <line num="45" type="method" name="__construct" crap="3" count="21"/>
        <line num="49" type="stmt" count="21"/>
        <line num="50" type="stmt" count="2"/>
        <line num="52" type="stmt" count="21"/>
        <line num="53" type="stmt" count="2"/>
        <line num="56" type="stmt" count="21"/>
        <line num="57" type="stmt" count="21"/>
        <line num="61" type="stmt" count="0"/>
        <metrics loc="60" ncloc="36" classes="1" methods="2" coveredmethods="2" conditionals="0" coveredconditionals="0" statements="9" coveredstatements="9" elements="11" coveredelements="11"/>
      </file>
      <file name="/home/travis/build/ezzatron/endec/src/Base16/Base16DecodeNativeStreamFilter.php">
        <class name="Base16DecodeNativeStreamFilter" namespace="Eloquent\Endec\Base16">
          <metrics methods="1" coveredmethods="1" conditionals="0" coveredconditionals="0" statements="1" coveredstatements="1" elements="2" coveredelements="2"/>
        </class>
        <line num="29" type="method" name="createTransform" crap="1" count="2"/>
        <line num="31" type="stmt" count="2"/>
        <line num="34" type="stmt" count="0"/>
        <metrics loc="33" ncloc="15" classes="1" methods="1" coveredmethods="1" conditionals="0" coveredconditionals="0" statements="1" coveredstatements="1" elements="2" coveredelements="2"/>
      </file>
      <file name="/home/travis/build/ezzatron/endec/src/Base16/Base16DecodeTransform.php">
        <class name="Base16DecodeTransform" namespace="Eloquent\Endec\Base16">
          <metrics methods="2" coveredmethods="2" conditionals="0" coveredconditionals="0" statements="11" coveredstatements="11" elements="13" coveredelements="13"/>
        </class>
        <line num="31" type="method" name="instance" crap="2" count="1"/>
        <line num="33" type="stmt" count="1"/>
        <line num="34" type="stmt" count="1"/>
        <line num="37" type="stmt" count="1"/>
        <line num="54" type="method" name="transform" crap="3" count="15"/>
        <line num="56" type="stmt" count="15"/>
        <line num="57" type="stmt" count="15"/>
        <line num="58" type="stmt" count="3"/>
        <line num="61" type="stmt" count="12"/>
        <line num="62" type="stmt" count="12"/>
        <line num="63" type="stmt" count="12"/>
        <line num="64" type="stmt" count="4"/>
        <line num="67" type="stmt" count="8"/>
        <line num="72" type="stmt" count="0"/>
        <metrics loc="71" ncloc="39" classes="1" methods="2" coveredmethods="2" conditionals="0" coveredconditionals="0" statements="11" coveredstatements="11" elements="13" coveredelements="13"/>
      </file>
      <file name="/home/travis/build/ezzatron/endec/src/Base16/Base16EncodeNativeStreamFilter.php">
        <class name="Base16EncodeNativeStreamFilter" namespace="Eloquent\Endec\Base16">
          <metrics methods="1" coveredmethods="1" conditionals="0" coveredconditionals="0" statements="1" coveredstatements="1" elements="2" coveredelements="2"/>
        </class>
        <line num="29" type="method" name="createTransform" crap="1" count="1"/>
        <line num="31" type="stmt" count="1"/>
        <line num="34" type="stmt" count="0"/>
        <metrics loc="33" ncloc="15" classes="1" methods="1" coveredmethods="1" conditionals="0" coveredconditionals="0" statements="1" coveredstatements="1" elements="2" coveredelements="2"/>
      </file>
      <file name="/home/travis/build/ezzatron/endec/src/Base16/Base16EncodeTransform.php">
        <class name="Base16EncodeTransform" namespace="Eloquent\Endec\Base16">
          <metrics methods="2" coveredmethods="2" conditionals="0" coveredconditionals="0" statements="4" coveredstatements="4" elements="6" coveredelements="6"/>
        </class>
        <line num="29" type="method" name="instance" crap="2" count="1"/>
        <line num="31" type="stmt" count="1"/>
        <line num="32" type="stmt" count="1"/>
        <line num="35" type="stmt" count="1"/>
        <line num="52" type="method" name="transform" crap="1" count="14"/>
        <line num="54" type="stmt" count="14"/>
        <line num="59" type="stmt" count="0"/>
        <metrics loc="58" ncloc="26" classes="1" methods="2" coveredmethods="2" conditionals="0" coveredconditionals="0" statements="4" coveredstatements="4" elements="6" coveredelements="6"/>
      </file>
    </package>
    <package name="Eloquent\Endec\Base32">
      <file name="/home/travis/build/ezzatron/endec/src/Base32/AbstractBase32DecodeTransform.php">
        <class name="AbstractBase32DecodeTransform" namespace="Eloquent\Endec\Base32">
          <metrics methods="8" coveredmethods="6" conditionals="0" coveredconditionals="0" statements="69" coveredstatements="69" elements="77" coveredelements="75"/>
        </class>
        <line num="39" type="method" name="transform" crap="9" count="76"/>
        <line num="41" type="stmt" count="76"/>
        <line num="42" type="stmt" count="76"/>
        <line num="43" type="stmt" count="76"/>
        <line num="44" type="stmt" count="76"/>
        <line num="45" type="stmt" count="76"/>
        <line num="46" type="stmt" count="76"/>
        <line num="48" type="stmt" count="76"/>
        <line num="49" type="stmt" count="46"/>
        <line num="50" type="stmt" count="46"/>
        <line num="51" type="stmt" count="39"/>
        <line num="52" type="stmt" count="39"/>
        <line num="53" type="stmt" count="39"/>
        <line num="54" type="stmt" count="39"/>
        <line num="55" type="stmt" count="39"/>
        <line num="56" type="stmt" count="39"/>
        <line num="57" type="stmt" count="39"/>
        <line num="58" type="stmt" count="39"/>
        <line num="59" type="stmt" count="39"/>
        <line num="61" type="stmt" count="69"/>
        <line num="62" type="stmt" count="29"/>
        <line num="63" type="stmt" count="29"/>
        <line num="65" type="stmt" count="29"/>
        <line num="66" type="stmt" count="13"/>
        <line num="67" type="stmt" count="13"/>
        <line num="68" type="stmt" count="13"/>
        <line num="69" type="stmt" count="13"/>
        <line num="70" type="stmt" count="29"/>
        <line num="71" type="stmt" count="4"/>
        <line num="72" type="stmt" count="4"/>
        <line num="73" type="stmt" count="4"/>
        <line num="74" type="stmt" count="4"/>
        <line num="75" type="stmt" count="4"/>
        <line num="76" type="stmt" count="4"/>
        <line num="77" type="stmt" count="16"/>
        <line num="78" type="stmt" count="4"/>
        <line num="79" type="stmt" count="4"/>
        <line num="80" type="stmt" count="4"/>
        <line num="81" type="stmt" count="4"/>
        <line num="82" type="stmt" count="4"/>
        <line num="83" type="stmt" count="4"/>
        <line num="84" type="stmt" count="4"/>
        <line num="85" type="stmt" count="12"/>
        <line num="86" type="stmt" count="4"/>
        <line num="87" type="stmt" count="4"/>
        <line num="88" type="stmt" count="4"/>
        <line num="89" type="stmt" count="4"/>
        <line num="90" type="stmt" count="4"/>
        <line num="91" type="stmt" count="4"/>
        <line num="92" type="stmt" count="4"/>
        <line num="93" type="stmt" count="4"/>
        <line num="94" type="stmt" count="4"/>
        <line num="95" type="stmt" count="4"/>
        <line num="96" type="stmt" count="4"/>
        <line num="100" type="stmt" count="65"/>
        <line num="103" type="method" name="map2" crap="1" count="13"/>
        <line num="105" type="stmt" count="13"/>
        <line num="108" type="method" name="map4" crap="1" count="4"/>
        <line num="110" type="stmt" count="4"/>
        <line num="111" type="stmt" count="4"/>
        <line num="114" type="method" name="map5" crap="1" count="4"/>
        <line num="116" type="stmt" count="4"/>
        <line num="117" type="stmt" count="4"/>
        <line num="118" type="stmt" count="4"/>
        <line num="121" type="method" name="map7" crap="1" count="4"/>
        <line num="123" type="stmt" count="4"/>
        <line num="124" type="stmt" count="4"/>
        <line num="125" type="stmt" count="4"/>
        <line num="126" type="stmt" count="4"/>
        <line num="129" type="method" name="map8" crap="1" count="39"/>
        <line num="131" type="stmt" count="39"/>
        <line num="132" type="stmt" count="39"/>
        <line num="133" type="stmt" count="39"/>
        <line num="134" type="stmt" count="39"/>
        <line num="135" type="stmt" count="39"/>
        <line num="147" type="method" name="mapByte" crap="1" count="0"/>
        <line num="154" type="method" name="key" crap="1" count="0"/>
        <line num="156" type="stmt" count="0"/>
        <metrics loc="155" ncloc="114" classes="1" methods="6" coveredmethods="6" conditionals="0" coveredconditionals="0" statements="69" coveredstatements="69" elements="75" coveredelements="75"/>
      </file>
      <file name="/home/travis/build/ezzatron/endec/src/Base32/AbstractBase32EncodeTransform.php">
        <class name="AbstractBase32EncodeTransform" namespace="Eloquent\Endec\Base32">
          <metrics methods="7" coveredmethods="7" conditionals="0" coveredconditionals="0" statements="71" coveredstatements="71" elements="78" coveredelements="78"/>
        </class>
        <line num="29" type="method" name="__construct" crap="1" count="46"/>
        <line num="31" type="stmt" count="46"/>
        <line num="32" type="stmt" count="46"/>
        <line num="48" type="method" name="transform" crap="8" count="47"/>
        <line num="50" type="stmt" count="47"/>
        <line num="51" type="stmt" count="47"/>
        <line num="52" type="stmt" count="47"/>
        <line num="53" type="stmt" count="47"/>
        <line num="55" type="stmt" count="47"/>
        <line num="56" type="stmt" count="27"/>
        <line num="57" type="stmt" count="27"/>
        <line num="58" type="stmt" count="27"/>
        <line num="59" type="stmt" count="27"/>
        <line num="60" type="stmt" count="27"/>
        <line num="61" type="stmt" count="27"/>
        <line num="62" type="stmt" count="27"/>
        <line num="63" type="stmt" count="27"/>
        <line num="65" type="stmt" count="47"/>
        <line num="66" type="stmt" count="19"/>
        <line num="67" type="stmt" count="19"/>
        <line num="69" type="stmt" count="19"/>
        <line num="70" type="stmt" count="7"/>
        <line num="71" type="stmt" count="7"/>
        <line num="72" type="stmt" count="7"/>
        <line num="73" type="stmt" count="19"/>
        <line num="74" type="stmt" count="4"/>
        <line num="75" type="stmt" count="4"/>
        <line num="76" type="stmt" count="4"/>
        <line num="77" type="stmt" count="4"/>
        <line num="78" type="stmt" count="12"/>
        <line num="79" type="stmt" count="4"/>
        <line num="80" type="stmt" count="4"/>
        <line num="81" type="stmt" count="4"/>
        <line num="82" type="stmt" count="4"/>
        <line num="83" type="stmt" count="4"/>
        <line num="84" type="stmt" count="8"/>
        <line num="85" type="stmt" count="4"/>
        <line num="86" type="stmt" count="4"/>
        <line num="87" type="stmt" count="4"/>
        <line num="88" type="stmt" count="4"/>
        <line num="89" type="stmt" count="4"/>
        <line num="90" type="stmt" count="4"/>
        <line num="94" type="stmt" count="47"/>
        <line num="97" type="method" name="map1" crap="1" count="7"/>
        <line num="99" type="stmt" count="7"/>
        <line num="100" type="stmt" count="7"/>
        <line num="101" type="stmt" count="7"/>
        <line num="104" type="method" name="map2" crap="1" count="4"/>
        <line num="106" type="stmt" count="4"/>
        <line num="107" type="stmt" count="4"/>
        <line num="108" type="stmt" count="4"/>
        <line num="109" type="stmt" count="4"/>
        <line num="110" type="stmt" count="4"/>
        <line num="113" type="method" name="map3" crap="1" count="4"/>
        <line num="115" type="stmt" count="4"/>
        <line num="116" type="stmt" count="4"/>
        <line num="117" type="stmt" count="4"/>
        <line num="118" type="stmt" count="4"/>
        <line num="119" type="stmt" count="4"/>
        <line num="120" type="stmt" count="4"/>
        <line num="123" type="method" name="map4" crap="1" count="4"/>
        <line num="125" type="stmt" count="4"/>
        <line num="126" type="stmt" count="4"/>
        <line num="127" type="stmt" count="4"/>
        <line num="128" type="stmt" count="4"/>
        <line num="129" type="stmt" count="4"/>
        <line num="130" type="stmt" count="4"/>
        <line num="131" type="stmt" count="4"/>
        <line num="132" type="stmt" count="4"/>
        <line num="135" type="method" name="map5" crap="1" count="27"/>
        <line num="137" type="stmt" count="27"/>
        <line num="138" type="stmt" count="27"/>
        <line num="139" type="stmt" count="27"/>
        <line num="140" type="stmt" count="27"/>
        <line num="141" type="stmt" count="27"/>
        <line num="142" type="stmt" count="27"/>
        <line num="143" type="stmt" count="27"/>
        <line num="144" type="stmt" count="27"/>
        <line num="149" type="stmt" count="0"/>
        <metrics loc="148" ncloc="116" classes="1" methods="7" coveredmethods="7" conditionals="0" coveredconditionals="0" statements="71" coveredstatements="71" elements="78" coveredelements="78"/>
      </file>
      <file name="/home/travis/build/ezzatron/endec/src/Base32/Base32.php">
        <class name="Base32" namespace="Eloquent\Endec\Base32">
          <metrics methods="2" coveredmethods="2" conditionals="0" coveredconditionals="0" statements="9" coveredstatements="9" elements="11" coveredelements="11"/>
        </class>
        <line num="30" type="method" name="instance" crap="2" count="2"/>
        <line num="32" type="stmt" count="2"/>
        <line num="33" type="stmt" count="1"/>
        <line num="36" type="stmt" count="2"/>
        <line num="45" type="method" name="__construct" crap="3" count="25"/>
        <line num="49" type="stmt" count="25"/>
        <line num="50" type="stmt" count="6"/>
        <line num="52" type="stmt" count="25"/>
        <line num="53" type="stmt" count="6"/>
        <line num="56" type="stmt" count="25"/>
        <line num="57" type="stmt" count="25"/>
        <line num="61" type="stmt" count="0"/>
        <metrics loc="60" ncloc="36" classes="1" methods="2" coveredmethods="2" conditionals="0" coveredconditionals="0" statements="9" coveredstatements="9" elements="11" coveredelements="11"/>
      </file>
      <file name="/home/travis/build/ezzatron/endec/src/Base32/Base32DecodeNativeStreamFilter.php">
        <class name="Base32DecodeNativeStreamFilter" namespace="Eloquent\Endec\Base32">
          <metrics methods="1" coveredmethods="1" conditionals="0" coveredconditionals="0" statements="1" coveredstatements="1" elements="2" coveredelements="2"/>
        </class>
        <line num="29" type="method" name="createTransform" crap="1" count="4"/>
        <line num="31" type="stmt" count="4"/>
        <line num="34" type="stmt" count="0"/>
        <metrics loc="33" ncloc="15" classes="1" methods="1" coveredmethods="1" conditionals="0" coveredconditionals="0" statements="1" coveredstatements="1" elements="2" coveredelements="2"/>
      </file>
      <file name="/home/travis/build/ezzatron/endec/src/Base32/Base32DecodeTransform.php">
        <class name="Base32DecodeTransform" namespace="Eloquent\Endec\Base32">
          <metrics methods="3" coveredmethods="3" conditionals="0" coveredconditionals="0" statements="11" coveredstatements="11" elements="14" coveredelements="14"/>
        </class>
        <line num="29" type="method" name="instance" crap="2" count="7"/>
        <line num="31" type="stmt" count="7"/>
        <line num="32" type="stmt" count="1"/>
        <line num="35" type="stmt" count="7"/>
        <line num="47" type="method" name="mapByte" crap="5" count="31"/>
        <line num="49" type="stmt" count="31"/>
        <line num="50" type="stmt" count="31"/>
        <line num="51" type="stmt" count="27"/>
        <line num="52" type="stmt" count="22"/>
        <line num="54" type="stmt" count="27"/>
        <line num="55" type="stmt" count="26"/>
        <line num="59" type="stmt" count="5"/>
        <line num="67" type="method" name="key" crap="1" count="7"/>
        <line num="69" type="stmt" count="7"/>
        <line num="74" type="stmt" count="0"/>
        <metrics loc="73" ncloc="41" classes="1" methods="3" coveredmethods="3" conditionals="0" coveredconditionals="0" statements="11" coveredstatements="11" elements="14" coveredelements="14"/>
      </file>
      <file name="/home/travis/build/ezzatron/endec/src/Base32/Base32EncodeNativeStreamFilter.php">
        <class name="Base32EncodeNativeStreamFilter" namespace="Eloquent\Endec\Base32">
          <metrics methods="1" coveredmethods="1" conditionals="0" coveredconditionals="0" statements="1" coveredstatements="1" elements="2" coveredelements="2"/>
        </class>
        <line num="29" type="method" name="createTransform" crap="1" count="2"/>
        <line num="31" type="stmt" count="2"/>
        <line num="34" type="stmt" count="0"/>
        <metrics loc="33" ncloc="15" classes="1" methods="1" coveredmethods="1" conditionals="0" coveredconditionals="0" statements="1" coveredstatements="1" elements="2" coveredelements="2"/>
      </file>
      <file name="/home/travis/build/ezzatron/endec/src/Base32/Base32EncodeTransform.php">
        <class name="Base32EncodeTransform" namespace="Eloquent\Endec\Base32">
          <metrics methods="2" coveredmethods="2" conditionals="0" coveredconditionals="0" statements="10" coveredstatements="10" elements="12" coveredelements="12"/>
        </class>
        <line num="28" type="method" name="instance" crap="2" count="6"/>
        <line num="30" type="stmt" count="6"/>
        <line num="31" type="stmt" count="1"/>
        <line num="34" type="stmt" count="6"/>
        <line num="40" type="method" name="__construct" crap="1" count="23"/>
        <line num="42" type="stmt" count="23"/>
        <line num="44" type="stmt" count="23"/>
        <line num="45" type="stmt" count="23"/>
        <line num="46" type="stmt" count="23"/>
        <line num="47" type="stmt" count="23"/>
        <line num="49" type="stmt" count="23"/>
        <line num="50" type="stmt" count="23"/>
        <line num="54" type="stmt" count="0"/>
        <metrics loc="53" ncloc="32" classes="1" methods="2" coveredmethods="2" conditionals="0" coveredconditionals="0" statements="10" coveredstatements="10" elements="12" coveredelements="12"/>
      </file>
      <file name="/home/travis/build/ezzatron/endec/src/Base32/Base32Hex.php">
        <class name="Base32Hex" namespace="Eloquent\Endec\Base32">
          <metrics methods="2" coveredmethods="2" conditionals="0" coveredconditionals="0" statements="9" coveredstatements="9" elements="11" coveredelements="11"/>
        </class>
        <line num="30" type="method" name="instance" crap="2" count="1"/>
        <line num="32" type="stmt" count="1"/>
        <line num="33" type="stmt" count="1"/>
        <line num="36" type="stmt" count="1"/>
        <line num="45" type="method" name="__construct" crap="3" count="21"/>
        <line num="49" type="stmt" count="21"/>
        <line num="50" type="stmt" count="2"/>
        <line num="52" type="stmt" count="21"/>
        <line num="53" type="stmt" count="2"/>
        <line num="56" type="stmt" count="21"/>
        <line num="57" type="stmt" count="21"/>
        <line num="61" type="stmt" count="0"/>
        <metrics loc="60" ncloc="36" classes="1" methods="2" coveredmethods="2" conditionals="0" coveredconditionals="0" statements="9" coveredstatements="9" elements="11" coveredelements="11"/>
      </file>
      <file name="/home/travis/build/ezzatron/endec/src/Base32/Base32HexDecodeNativeStreamFilter.php">
        <class name="Base32HexDecodeNativeStreamFilter" namespace="Eloquent\Endec\Base32">
          <metrics methods="1" coveredmethods="1" conditionals="0" coveredconditionals="0" statements="1" coveredstatements="1" elements="2" coveredelements="2"/>
        </class>
        <line num="29" type="method" name="createTransform" crap="1" count="2"/>
        <line num="31" type="stmt" count="2"/>
        <line num="34" type="stmt" count="0"/>
        <metrics loc="33" ncloc="15" classes="1" methods="1" coveredmethods="1" conditionals="0" coveredconditionals="0" statements="1" coveredstatements="1" elements="2" coveredelements="2"/>
      </file>
      <file name="/home/travis/build/ezzatron/endec/src/Base32/Base32HexDecodeTransform.php">
        <class name="Base32HexDecodeTransform" namespace="Eloquent\Endec\Base32">
          <metrics methods="3" coveredmethods="3" conditionals="0" coveredconditionals="0" statements="11" coveredstatements="11" elements="14" coveredelements="14"/>
        </class>
        <line num="29" type="method" name="instance" crap="2" count="1"/>
        <line num="31" type="stmt" count="1"/>
        <line num="32" type="stmt" count="1"/>
        <line num="35" type="stmt" count="1"/>
        <line num="47" type="method" name="mapByte" crap="5" count="25"/>
        <line num="49" type="stmt" count="25"/>
        <line num="50" type="stmt" count="25"/>
        <line num="51" type="stmt" count="24"/>
        <line num="52" type="stmt" count="17"/>
        <line num="54" type="stmt" count="24"/>
        <line num="55" type="stmt" count="23"/>
        <line num="59" type="stmt" count="2"/>
        <line num="67" type="method" name="key" crap="1" count="4"/>
        <line num="69" type="stmt" count="4"/>
        <line num="74" type="stmt" count="0"/>
        <metrics loc="73" ncloc="41" classes="1" methods="3" coveredmethods="3" conditionals="0" coveredconditionals="0" statements="11" coveredstatements="11" elements="14" coveredelements="14"/>
      </file>
      <file name="/home/travis/build/ezzatron/endec/src/Base32/Base32HexEncodeNativeStreamFilter.php">
        <class name="Base32HexEncodeNativeStreamFilter" namespace="Eloquent\Endec\Base32">
          <metrics methods="1" coveredmethods="1" conditionals="0" coveredconditionals="0" statements="1" coveredstatements="1" elements="2" coveredelements="2"/>
        </class>
        <line num="29" type="method" name="createTransform" crap="1" count="1"/>
        <line num="31" type="stmt" count="1"/>
        <line num="34" type="stmt" count="0"/>
        <metrics loc="33" ncloc="15" classes="1" methods="1" coveredmethods="1" conditionals="0" coveredconditionals="0" statements="1" coveredstatements="1" elements="2" coveredelements="2"/>
      </file>
      <file name="/home/travis/build/ezzatron/endec/src/Base32/Base32HexEncodeTransform.php">
        <class name="Base32HexEncodeTransform" namespace="Eloquent\Endec\Base32">
          <metrics methods="2" coveredmethods="2" conditionals="0" coveredconditionals="0" statements="10" coveredstatements="10" elements="12" coveredelements="12"/>
        </class>
        <line num="28" type="method" name="instance" crap="2" count="1"/>
        <line num="30" type="stmt" count="1"/>
        <line num="31" type="stmt" count="1"/>
        <line num="34" type="stmt" count="1"/>
        <line num="40" type="method" name="__construct" crap="1" count="23"/>
        <line num="42" type="stmt" count="23"/>
        <line num="44" type="stmt" count="23"/>
        <line num="45" type="stmt" count="23"/>
        <line num="46" type="stmt" count="23"/>
        <line num="47" type="stmt" count="23"/>
        <line num="49" type="stmt" count="23"/>
        <line num="50" type="stmt" count="23"/>
        <line num="54" type="stmt" count="0"/>
        <metrics loc="53" ncloc="32" classes="1" methods="2" coveredmethods="2" conditionals="0" coveredconditionals="0" statements="10" coveredstatements="10" elements="12" coveredelements="12"/>
      </file>
    </package>
    <package name="Eloquent\Endec\Base64">
      <file name="/home/travis/build/ezzatron/endec/src/Base64/Base64.php">
        <class name="Base64" namespace="Eloquent\Endec\Base64">
          <metrics methods="2" coveredmethods="2" conditionals="0" coveredconditionals="0" statements="9" coveredstatements="9" elements="11" coveredelements="11"/>
        </class>
        <line num="30" type="method" name="instance" crap="2" count="1"/>
        <line num="32" type="stmt" count="1"/>
        <line num="33" type="stmt" count="1"/>
        <line num="36" type="stmt" count="1"/>
        <line num="45" type="method" name="__construct" crap="3" count="21"/>
        <line num="49" type="stmt" count="21"/>
        <line num="50" type="stmt" count="2"/>
        <line num="52" type="stmt" count="21"/>
        <line num="53" type="stmt" count="2"/>
        <line num="56" type="stmt" count="21"/>
        <line num="57" type="stmt" count="21"/>
        <line num="61" type="stmt" count="0"/>
        <metrics loc="60" ncloc="36" classes="1" methods="2" coveredmethods="2" conditionals="0" coveredconditionals="0" statements="9" coveredstatements="9" elements="11" coveredelements="11"/>
      </file>
      <file name="/home/travis/build/ezzatron/endec/src/Base64/Base64DecodeNativeStreamFilter.php">
        <class name="Base64DecodeNativeStreamFilter" namespace="Eloquent\Endec\Base64">
          <metrics methods="1" coveredmethods="1" conditionals="0" coveredconditionals="0" statements="1" coveredstatements="1" elements="2" coveredelements="2"/>
        </class>
        <line num="29" type="method" name="createTransform" crap="1" count="2"/>
        <line num="31" type="stmt" count="2"/>
        <line num="34" type="stmt" count="0"/>
        <metrics loc="33" ncloc="15" classes="1" methods="1" coveredmethods="1" conditionals="0" coveredconditionals="0" statements="1" coveredstatements="1" elements="2" coveredelements="2"/>
      </file>
      <file name="/home/travis/build/ezzatron/endec/src/Base64/Base64DecodeTransform.php">
        <class name="Base64DecodeTransform" namespace="Eloquent\Endec\Base64">
          <metrics methods="2" coveredmethods="2" conditionals="0" coveredconditionals="0" statements="13" coveredstatements="13" elements="15" coveredelements="15"/>
        </class>
        <line num="31" type="method" name="instance" crap="2" count="1"/>
        <line num="33" type="stmt" count="1"/>
        <line num="34" type="stmt" count="1"/>
        <line num="37" type="stmt" count="1"/>
        <line num="54" type="method" name="transform" crap="4" count="21"/>
        <line num="56" type="stmt" count="21"/>
        <line num="57" type="stmt" count="21"/>
        <line num="58" type="stmt" count="5"/>
        <line num="61" type="stmt" count="16"/>
        <line num="62" type="stmt" count="16"/>
        <line num="63" type="stmt" count="2"/>
        <line num="66" type="stmt" count="14"/>
        <line num="67" type="stmt" count="14"/>
        <line num="68" type="stmt" count="2"/>
        <line num="71" type="stmt" count="12"/>
        <line num="76" type="stmt" count="0"/>
        <metrics loc="75" ncloc="43" classes="1" methods="2" coveredmethods="2" conditionals="0" coveredconditionals="0" statements="13" coveredstatements="13" elements="15" coveredelements="15"/>
      </file>
      <file name="/home/travis/build/ezzatron/endec/src/Base64/Base64EncodeNativeStreamFilter.php">
        <class name="Base64EncodeNativeStreamFilter" namespace="Eloquent\Endec\Base64">
          <metrics methods="1" coveredmethods="1" conditionals="0" coveredconditionals="0" statements="1" coveredstatements="1" elements="2" coveredelements="2"/>
        </class>
        <line num="29" type="method" name="createTransform" crap="1" count="1"/>
        <line num="31" type="stmt" count="1"/>
        <line num="34" type="stmt" count="0"/>
        <metrics loc="33" ncloc="15" classes="1" methods="1" coveredmethods="1" conditionals="0" coveredconditionals="0" statements="1" coveredstatements="1" elements="2" coveredelements="2"/>
      </file>
      <file name="/home/travis/build/ezzatron/endec/src/Base64/Base64EncodeTransform.php">
        <class name="Base64EncodeTransform" namespace="Eloquent\Endec\Base64">
          <metrics methods="2" coveredmethods="2" conditionals="0" coveredconditionals="0" statements="8" coveredstatements="8" elements="10" coveredelements="10"/>
        </class>
        <line num="29" type="method" name="instance" crap="2" count="1"/>
        <line num="31" type="stmt" count="1"/>
        <line num="32" type="stmt" count="1"/>
        <line num="35" type="stmt" count="1"/>
        <line num="52" type="method" name="transform" crap="2" count="14"/>
        <line num="54" type="stmt" count="14"/>
        <line num="55" type="stmt" count="14"/>
        <line num="56" type="stmt" count="4"/>
        <line num="60" type="stmt" count="10"/>
        <line num="62" type="stmt" count="10"/>
        <line num="67" type="stmt" count="0"/>
        <metrics loc="66" ncloc="34" classes="1" methods="2" coveredmethods="2" conditionals="0" coveredconditionals="0" statements="8" coveredstatements="8" elements="10" coveredelements="10"/>
      </file>
      <file name="/home/travis/build/ezzatron/endec/src/Base64/Base64Url.php">
        <class name="Base64Url" namespace="Eloquent\Endec\Base64">
          <metrics methods="2" coveredmethods="2" conditionals="0" coveredconditionals="0" statements="9" coveredstatements="9" elements="11" coveredelements="11"/>
        </class>
        <line num="30" type="method" name="instance" crap="2" count="1"/>
        <line num="32" type="stmt" count="1"/>
        <line num="33" type="stmt" count="1"/>
        <line num="36" type="stmt" count="1"/>
        <line num="45" type="method" name="__construct" crap="3" count="21"/>
        <line num="49" type="stmt" count="21"/>
        <line num="50" type="stmt" count="2"/>
        <line num="52" type="stmt" count="21"/>
        <line num="53" type="stmt" count="2"/>
        <line num="56" type="stmt" count="21"/>
        <line num="57" type="stmt" count="21"/>
        <line num="61" type="stmt" count="0"/>
        <metrics loc="60" ncloc="36" classes="1" methods="2" coveredmethods="2" conditionals="0" coveredconditionals="0" statements="9" coveredstatements="9" elements="11" coveredelements="11"/>
      </file>
      <file name="/home/travis/build/ezzatron/endec/src/Base64/Base64UrlDecodeNativeStreamFilter.php">
        <class name="Base64UrlDecodeNativeStreamFilter" namespace="Eloquent\Endec\Base64">
          <metrics methods="1" coveredmethods="1" conditionals="0" coveredconditionals="0" statements="1" coveredstatements="1" elements="2" coveredelements="2"/>
        </class>
        <line num="29" type="method" name="createTransform" crap="1" count="2"/>
        <line num="31" type="stmt" count="2"/>
        <line num="34" type="stmt" count="0"/>
        <metrics loc="33" ncloc="15" classes="1" methods="1" coveredmethods="1" conditionals="0" coveredconditionals="0" statements="1" coveredstatements="1" elements="2" coveredelements="2"/>
      </file>
      <file name="/home/travis/build/ezzatron/endec/src/Base64/Base64UrlDecodeTransform.php">
        <class name="Base64UrlDecodeTransform" namespace="Eloquent\Endec\Base64">
          <metrics methods="2" coveredmethods="2" conditionals="0" coveredconditionals="0" statements="19" coveredstatements="19" elements="21" coveredelements="21"/>
        </class>
        <line num="31" type="method" name="instance" crap="2" count="1"/>
        <line num="33" type="stmt" count="1"/>
        <line num="34" type="stmt" count="1"/>
        <line num="37" type="stmt" count="1"/>
        <line num="54" type="method" name="transform" crap="4" count="20"/>
        <line num="56" type="stmt" count="20"/>
        <line num="57" type="stmt" count="20"/>
        <line num="58" type="stmt" count="5"/>
        <line num="61" type="stmt" count="15"/>
        <line num="62" type="stmt" count="15"/>
        <line num="63" type="stmt" count="2"/>
        <line num="66" type="stmt" count="13"/>
        <line num="67" type="stmt" count="13"/>
        <line num="68" type="stmt" count="13"/>
        <line num="69" type="stmt" count="13"/>
        <line num="70" type="stmt" count="13"/>
        <line num="72" type="stmt" count="13"/>
        <line num="74" type="stmt" count="13"/>
        <line num="75" type="stmt" count="13"/>
        <line num="76" type="stmt" count="2"/>
        <line num="79" type="stmt" count="11"/>
        <line num="84" type="stmt" count="0"/>
        <metrics loc="83" ncloc="51" classes="1" methods="2" coveredmethods="2" conditionals="0" coveredconditionals="0" statements="19" coveredstatements="19" elements="21" coveredelements="21"/>
      </file>
      <file name="/home/travis/build/ezzatron/endec/src/Base64/Base64UrlEncodeNativeStreamFilter.php">
        <class name="Base64UrlEncodeNativeStreamFilter" namespace="Eloquent\Endec\Base64">
          <metrics methods="1" coveredmethods="1" conditionals="0" coveredconditionals="0" statements="1" coveredstatements="1" elements="2" coveredelements="2"/>
        </class>
        <line num="29" type="method" name="createTransform" crap="1" count="1"/>
        <line num="31" type="stmt" count="1"/>
        <line num="34" type="stmt" count="0"/>
        <metrics loc="33" ncloc="15" classes="1" methods="1" coveredmethods="1" conditionals="0" coveredconditionals="0" statements="1" coveredstatements="1" elements="2" coveredelements="2"/>
      </file>
      <file name="/home/travis/build/ezzatron/endec/src/Base64/Base64UrlEncodeTransform.php">
        <class name="Base64UrlEncodeTransform" namespace="Eloquent\Endec\Base64">
          <metrics methods="2" coveredmethods="2" conditionals="0" coveredconditionals="0" statements="13" coveredstatements="13" elements="15" coveredelements="15"/>
        </class>
        <line num="29" type="method" name="instance" crap="2" count="1"/>
        <line num="31" type="stmt" count="1"/>
        <line num="32" type="stmt" count="1"/>
        <line num="35" type="stmt" count="1"/>
        <line num="52" type="method" name="transform" crap="2" count="14"/>
        <line num="54" type="stmt" count="14"/>
        <line num="55" type="stmt" count="14"/>
        <line num="56" type="stmt" count="4"/>
        <line num="60" type="stmt" count="10"/>
        <line num="61" type="stmt" count="10"/>
        <line num="62" type="stmt" count="10"/>
        <line num="63" type="stmt" count="10"/>
        <line num="65" type="stmt" count="10"/>
        <line num="67" type="stmt" count="10"/>
        <line num="69" type="stmt" count="10"/>
        <line num="74" type="stmt" count="0"/>
        <metrics loc="73" ncloc="41" classes="1" methods="2" coveredmethods="2" conditionals="0" coveredconditionals="0" statements="13" coveredstatements="13" elements="15" coveredelements="15"/>
      </file>
    </package>
    <package name="Eloquent\Endec">
      <file name="/home/travis/build/ezzatron/endec/src/Codec.php">
        <class name="Codec" namespace="Eloquent\Endec">
          <metrics methods="3" coveredmethods="3" conditionals="0" coveredconditionals="0" statements="5" coveredstatements="5" elements="8" coveredelements="8"/>
        </class>
        <line num="30" type="method" name="__construct" crap="1" count="10"/>
        <line num="34" type="stmt" count="10"/>
        <line num="35" type="stmt" count="10"/>
        <line num="36" type="stmt" count="10"/>
        <line num="43" type="method" name="encodeTransform" crap="1" count="6"/>
        <line num="45" type="stmt" count="6"/>
        <line num="53" type="method" name="decodeTransform" crap="1" count="8"/>
        <line num="55" type="stmt" count="8"/>
        <line num="61" type="stmt" count="0"/>
        <metrics loc="60" ncloc="33" classes="1" methods="3" coveredmethods="3" conditionals="0" coveredconditionals="0" statements="5" coveredstatements="5" elements="8" coveredelements="8"/>
      </file>
      <file name="/home/travis/build/ezzatron/endec/src/Decoder.php">
        <class name="Decoder" namespace="Eloquent\Endec">
          <metrics methods="2" coveredmethods="2" conditionals="0" coveredconditionals="0" statements="3" coveredstatements="3" elements="5" coveredelements="5"/>
        </class>
        <line num="28" type="method" name="__construct" crap="1" count="3"/>
        <line num="30" type="stmt" count="3"/>
        <line num="31" type="stmt" count="3"/>
        <line num="38" type="method" name="decodeTransform" crap="1" count="3"/>
        <line num="40" type="stmt" count="3"/>
        <line num="45" type="stmt" count="0"/>
        <metrics loc="44" ncloc="23" classes="1" methods="2" coveredmethods="2" conditionals="0" coveredconditionals="0" statements="3" coveredstatements="3" elements="5" coveredelements="5"/>
      </file>
      <file name="/home/travis/build/ezzatron/endec/src/DecoderTrait.php">
        <class name="DecoderTrait" namespace="Eloquent\Endec">
          <metrics methods="3" coveredmethods="2" conditionals="0" coveredconditionals="0" statements="3" coveredstatements="3" elements="6" coveredelements="5"/>
        </class>
        <line num="32" type="method" name="decode" crap="1" count="4"/>
        <line num="34" type="stmt" count="4"/>
        <line num="36" type="stmt" count="3"/>
        <line num="46" type="method" name="createDecodeStream" crap="1" count="3"/>
        <line num="48" type="stmt" count="3"/>
        <line num="56" type="method" name="decodeTransform" crap="1" count="0"/>
        <line num="58" type="stmt" count="0"/>
        <metrics loc="57" ncloc="26" classes="1" methods="2" coveredmethods="2" conditionals="0" coveredconditionals="0" statements="3" coveredstatements="3" elements="5" coveredelements="5"/>
      </file>
      <file name="/home/travis/build/ezzatron/endec/src/Encoder.php">
        <class name="Encoder" namespace="Eloquent\Endec">
          <metrics methods="2" coveredmethods="2" conditionals="0" coveredconditionals="0" statements="3" coveredstatements="3" elements="5" coveredelements="5"/>
        </class>
        <line num="28" type="method" name="__construct" crap="1" count="5"/>
        <line num="30" type="stmt" count="5"/>
        <line num="31" type="stmt" count="5"/>
        <line num="38" type="method" name="encodeTransform" crap="1" count="5"/>
        <line num="40" type="stmt" count="5"/>
        <line num="45" type="stmt" count="1"/>
        <metrics loc="44" ncloc="23" classes="1" methods="2" coveredmethods="2" conditionals="0" coveredconditionals="0" statements="3" coveredstatements="3" elements="5" coveredelements="5"/>
      </file>
      <file name="/home/travis/build/ezzatron/endec/src/EncoderTrait.php">
        <class name="EncoderTrait" namespace="Eloquent\Endec">
          <metrics methods="3" coveredmethods="2" conditionals="0" coveredconditionals="0" statements="3" coveredstatements="3" elements="6" coveredelements="5"/>
        </class>
        <line num="32" type="method" name="encode" crap="1" count="5"/>
        <line num="34" type="stmt" count="5"/>
        <line num="36" type="stmt" count="5"/>
        <line num="46" type="method" name="createEncodeStream" crap="1" count="2"/>
        <line num="48" type="stmt" count="2"/>
        <line num="56" type="method" name="encodeTransform" crap="1" count="0"/>
        <line num="58" type="stmt" count="0"/>
        <metrics loc="57" ncloc="26" classes="1" methods="2" coveredmethods="2" conditionals="0" coveredconditionals="0" statements="3" coveredstatements="3" elements="5" coveredelements="5"/>
      </file>
      <file name="/home/travis/build/ezzatron/endec/src/Endec.php">
        <class name="Endec" namespace="Eloquent\Endec">
          <metrics methods="1" coveredmethods="1" conditionals="0" coveredconditionals="0" statements="32" coveredstatements="32" elements="33" coveredelements="33"/>
        </class>
        <line num="26" type="method" name="registerFilters" crap="1" count="3"/>
        <line num="28" type="stmt" count="3"/>
        <line num="30" type="stmt" count="3"/>
        <line num="31" type="stmt" count="3"/>
        <line num="33" type="stmt" count="3"/>
        <line num="34" type="stmt" count="3"/>
        <line num="35" type="stmt" count="3"/>
        <line num="37" type="stmt" count="3"/>
        <line num="38" type="stmt" count="3"/>
        <line num="39" type="stmt" count="3"/>
        <line num="41" type="stmt" count="3"/>
        <line num="42" type="stmt" count="3"/>
        <line num="43" type="stmt" count="3"/>
        <line num="45" type="stmt" count="3"/>
        <line num="46" type="stmt" count="3"/>
        <line num="47" type="stmt" count="3"/>
        <line num="49" type="stmt" count="3"/>
        <line num="50" type="stmt" count="3"/>
        <line num="51" type="stmt" count="3"/>
        <line num="53" type="stmt" count="3"/>
        <line num="54" type="stmt" count="3"/>
        <line num="55" type="stmt" count="3"/>
        <line num="57" type="stmt" count="3"/>
        <line num="58" type="stmt" count="3"/>
        <line num="59" type="stmt" count="3"/>
        <line num="61" type="stmt" count="3"/>
        <line num="62" type="stmt" count="3"/>
        <line num="63" type="stmt" count="3"/>
        <line num="65" type="stmt" count="3"/>
        <line num="66" type="stmt" count="3"/>
        <line num="67" type="stmt" count="3"/>
        <line num="69" type="stmt" count="3"/>
        <line num="70" type="stmt" count="3"/>
        <line num="72" type="stmt" count="0"/>
        <metrics loc="71" ncloc="55" classes="1" methods="1" coveredmethods="1" conditionals="0" coveredconditionals="0" statements="32" coveredstatements="32" elements="33" coveredelements="33"/>
      </file>
    </package>
    <file name="/home/travis/build/ezzatron/endec/src/CodecInterface.php">
      <line num="20" type="stmt" count="0"/>
      <metrics loc="19" ncloc="8" classes="0" methods="0" coveredmethods="0" conditionals="0" coveredconditionals="0" statements="0" coveredstatements="0" elements="0" coveredelements="0"/>
    </file>
    <file name="/home/travis/build/ezzatron/endec/src/DecoderInterface.php">
      <line num="41" type="stmt" count="0"/>
      <metrics loc="40" ncloc="14" classes="0" methods="0" coveredmethods="0" conditionals="0" coveredconditionals="0" statements="0" coveredstatements="0" elements="0" coveredelements="0"/>
    </file>
    <file name="/home/travis/build/ezzatron/endec/src/EncoderInterface.php">
      <line num="41" type="stmt" count="0"/>
      <metrics loc="40" ncloc="14" classes="0" methods="0" coveredmethods="0" conditionals="0" coveredconditionals="0" statements="0" coveredstatements="0" elements="0" coveredelements="0"/>
    </file>
    <package name="Eloquent\Endec\Exception">
      <file name="/home/travis/build/ezzatron/endec/src/Exception/InvalidEncodedDataException.php">
        <class name="InvalidEncodedDataException" namespace="Eloquent\Endec\Exception">
          <metrics methods="3" coveredmethods="3" conditionals="0" coveredconditionals="0" statements="11" coveredstatements="11" elements="14" coveredelements="14"/>
        </class>
        <line num="30" type="method" name="__construct" crap="1" count="5"/>
        <line num="35" type="stmt" count="5"/>
        <line num="36" type="stmt" count="5"/>
        <line num="38" type="stmt" count="5"/>
        <line num="39" type="stmt" count="5"/>
        <line num="40" type="stmt" count="5"/>
        <line num="42" type="stmt" count="5"/>
        <line num="43" type="stmt" count="5"/>
        <line num="45" type="stmt" count="5"/>
        <line num="46" type="stmt" count="5"/>
        <line num="53" type="method" name="encoding" crap="1" count="1"/>
        <line num="55" type="stmt" count="1"/>
        <line num="63" type="method" name="data" crap="1" count="1"/>
        <line num="65" type="stmt" count="1"/>
        <line num="71" type="stmt" count="0"/>
        <metrics loc="70" ncloc="42" classes="1" methods="3" coveredmethods="3" conditionals="0" coveredconditionals="0" statements="11" coveredstatements="11" elements="14" coveredelements="14"/>
      </file>
    </package>
    <package name="Eloquent\Endec\Transform">
      <file name="/home/travis/build/ezzatron/endec/src/Transform/AbstractDataTransform.php">
        <class name="AbstractDataTransform" namespace="Eloquent\Endec\Transform">
          <metrics methods="1" coveredmethods="1" conditionals="0" coveredconditionals="0" statements="6" coveredstatements="6" elements="7" coveredelements="7"/>
        </class>
        <line num="29" type="method" name="calculateConsumeBytes" crap="2" count="86"/>
        <line num="31" type="stmt" count="86"/>
        <line num="32" type="stmt" count="86"/>
        <line num="33" type="stmt" count="47"/>
        <line num="34" type="stmt" count="47"/>
        <line num="35" type="stmt" count="40"/>
        <line num="38" type="stmt" count="86"/>
        <line num="41" type="stmt" count="0"/>
        <metrics loc="40" ncloc="19" classes="1" methods="1" coveredmethods="1" conditionals="0" coveredconditionals="0" statements="6" coveredstatements="6" elements="7" coveredelements="7"/>
      </file>
      <file name="/home/travis/build/ezzatron/endec/src/Transform/AbstractNativeStreamFilter.php">
        <class name="AbstractNativeStreamFilter" namespace="Eloquent\Endec\Transform">
          <metrics methods="3" coveredmethods="2" conditionals="0" coveredconditionals="0" statements="30" coveredstatements="30" elements="33" coveredelements="32"/>
        </class>
        <line num="0" type="stmt" count="0"/>
        <line num="25" type="method" name="onCreate" crap="1" count="18"/>
        <line num="27" type="stmt" count="18"/>
        <line num="28" type="stmt" count="18"/>
        <line num="30" type="stmt" count="18"/>
        <line num="31" type="stmt" count="10"/>
        <line num="43" type="method" name="filter" crap="9" count="18"/>
        <line num="45" type="stmt" count="18"/>
        <line num="46" type="stmt" count="18"/>
        <line num="47" type="stmt" count="18"/>
        <line num="48" type="stmt" count="18"/>
        <line num="51" type="stmt" count="18"/>
        <line num="52" type="stmt" count="18"/>
        <line num="53" type="stmt" count="18"/>
        <line num="54" type="stmt" count="18"/>
        <line num="57" type="stmt" count="18"/>
        <line num="58" type="stmt" count="18"/>
        <line num="59" type="stmt" count="18"/>
        <line num="60" type="stmt" count="6"/>
        <line num="63" type="stmt" count="17"/>
        <line num="64" type="stmt" count="17"/>
        <line num="65" type="stmt" count="12"/>
        <line num="66" type="stmt" count="12"/>
        <line num="67" type="stmt" count="15"/>
        <line num="70" type="stmt" count="17"/>
        <line num="71" type="stmt" count="12"/>
        <line num="72" type="stmt" count="12"/>
        <line num="73" type="stmt" count="12"/>
        <line num="76" type="stmt" count="17"/>
        <line num="77" type="stmt" count="17"/>
        <line num="79" type="stmt" count="17"/>
        <line num="80" type="stmt" count="12"/>
        <line num="83" type="stmt" count="15"/>
        <line num="91" type="method" name="createTransform" crap="1" count="0"/>
        <line num="96" type="stmt" count="0"/>
        <metrics loc="95" ncloc="65" classes="1" methods="2" coveredmethods="2" conditionals="0" coveredconditionals="0" statements="30" coveredstatements="30" elements="32" coveredelements="32"/>
      </file>
      <file name="/home/travis/build/ezzatron/endec/src/Transform/TransformStream.php">
        <class name="TransformStream" namespace="Eloquent\Endec\Transform">
          <metrics methods="13" coveredmethods="13" conditionals="0" coveredconditionals="0" statements="62" coveredstatements="62" elements="75" coveredelements="75"/>
        </class>
        <line num="32" type="method" name="__construct" crap="2" count="19"/>
        <line num="36" type="stmt" count="19"/>
        <line num="37" type="stmt" count="3"/>
        <line num="40" type="stmt" count="19"/>
        <line num="41" type="stmt" count="19"/>
        <line num="43" type="stmt" count="19"/>
        <line num="44" type="stmt" count="19"/>
        <line num="45" type="stmt" count="19"/>
        <line num="52" type="method" name="transform" crap="1" count="1"/>
        <line num="54" type="stmt" count="1"/>
        <line num="62" type="method" name="bufferSize" crap="1" count="2"/>
        <line num="64" type="stmt" count="2"/>
        <line num="72" type="method" name="isWritable" crap="1" count="1"/>
        <line num="74" type="stmt" count="1"/>
        <line num="82" type="method" name="isReadable" crap="1" count="1"/>
        <line num="84" type="stmt" count="1"/>
        <line num="94" type="method" name="write" crap="3" count="9"/>
        <line num="96" type="stmt" count="9"/>
        <line num="97" type="stmt" count="1"/>
        <line num="100" type="stmt" count="9"/>
        <line num="101" type="stmt" count="9"/>
        <line num="103" type="stmt" count="9"/>
        <line num="111" type="method" name="end" crap="3" count="17"/>
        <line num="113" type="stmt" count="17"/>
        <line num="114" type="stmt" count="1"/>
        <line num="117" type="stmt" count="16"/>
        <line num="119" type="stmt" count="16"/>
        <line num="120" type="stmt" count="10"/>
        <line num="122" type="stmt" count="16"/>
        <line num="123" type="stmt" count="16"/>
        <line num="128" type="method" name="close" crap="2" count="1"/>
        <line num="130" type="stmt" count="1"/>
        <line num="131" type="stmt" count="1"/>
        <line num="134" type="stmt" count="1"/>
        <line num="135" type="stmt" count="1"/>
        <line num="140" type="method" name="pause" crap="1" count="1"/>
        <line num="142" type="stmt" count="1"/>
        <line num="143" type="stmt" count="1"/>
        <line num="148" type="method" name="resume" crap="1" count="1"/>
        <line num="150" type="stmt" count="1"/>
        <line num="151" type="stmt" count="1"/>
        <line num="152" type="stmt" count="1"/>
        <line num="162" type="method" name="pipe" crap="1" count="2"/>
        <line num="166" type="stmt" count="2"/>
        <line num="168" type="stmt" count="2"/>
        <line num="176" type="method" name="transformBuffer" crap="9" count="17"/>
        <line num="178" type="stmt" count="17"/>
        <line num="179" type="stmt" count="17"/>
        <line num="180" type="stmt" count="17"/>
        <line num="181" type="stmt" count="15"/>
        <line num="182" type="stmt" count="15"/>
        <line num="185" type="stmt" count="15"/>
        <line num="188" type="stmt" count="16"/>
        <line num="189" type="stmt" count="1"/>
        <line num="191" type="stmt" count="16"/>
        <line num="192" type="stmt" count="7"/>
        <line num="197" type="stmt" count="16"/>
        <line num="198" type="stmt" count="16"/>
        <line num="199" type="stmt" count="2"/>
        <line num="201" type="stmt" count="2"/>
        <line num="204" type="stmt" count="15"/>
        <line num="205" type="stmt" count="14"/>
        <line num="206" type="stmt" count="14"/>
        <line num="207" type="stmt" count="5"/>
        <line num="210" type="stmt" count="15"/>
        <line num="211" type="stmt" count="15"/>
        <line num="213" type="stmt" count="16"/>
        <line num="219" type="method" name="doClose" crap="1" count="16"/>
        <line num="221" type="stmt" count="16"/>
        <line num="222" type="stmt" count="16"/>
        <line num="223" type="stmt" count="16"/>
        <line num="225" type="stmt" count="16"/>
        <line num="226" type="stmt" count="16"/>
        <line num="227" type="stmt" count="16"/>
        <line num="228" type="stmt" count="16"/>
        <line num="237" type="stmt" count="0"/>
        <metrics loc="236" ncloc="162" classes="1" methods="13" coveredmethods="13" conditionals="0" coveredconditionals="0" statements="62" coveredstatements="62" elements="75" coveredelements="75"/>
      </file>
    </package>
    <file name="/home/travis/build/ezzatron/endec/src/Transform/DataTransformInterface.php">
      <line num="35" type="stmt" count="0"/>
      <metrics loc="34" ncloc="9" classes="0" methods="0" coveredmethods="0" conditionals="0" coveredconditionals="0" statements="0" coveredstatements="0" elements="0" coveredelements="0"/>
    </file>
    <file name="/home/travis/build/ezzatron/endec/src/Transform/Exception/TransformExceptionInterface.php">
      <line num="20" type="stmt" count="0"/>
      <metrics loc="19" ncloc="8" classes="0" methods="0" coveredmethods="0" conditionals="0" coveredconditionals="0" statements="0" coveredstatements="0" elements="0" coveredelements="0"/>
    </file>
    <file name="/home/travis/build/ezzatron/endec/src/Transform/TransformStreamInterface.php">
      <line num="31" type="stmt" count="0"/>
      <metrics loc="30" ncloc="14" classes="0" methods="0" coveredmethods="0" conditionals="0" coveredconditionals="0" statements="0" coveredstatements="0" elements="0" coveredelements="0"/>
    </file>
    <metrics files="43" loc="2567" ncloc="1481" classes="37" methods="86" coveredmethods="86" conditionals="0" coveredconditionals="0" statements="463" coveredstatements="463" elements="549" coveredelements="549"/>
  </project>
</coverage>
