<?xml version="1.0" encoding="UTF-8"?>
<coverage generated="1395123772">
  <project timestamp="1395123772">
    <package name="Eloquent\Endec">
      <file name="/home/travis/build/ezzatron/endec/src/AbstractCodec.php">
        <class name="AbstractCodec" namespace="Eloquent\Endec">
          <metrics methods="7" coveredmethods="7" conditionals="0" coveredconditionals="0" statements="11" coveredstatements="11" elements="18" coveredelements="18"/>
        </class>
        <line num="30" type="method" name="__construct" crap="1" count="84"/>
        <line num="34" type="stmt" count="84"/>
        <line num="35" type="stmt" count="84"/>
        <line num="36" type="stmt" count="84"/>
        <line num="43" type="method" name="encodeTransform" crap="1" count="8"/>
        <line num="45" type="stmt" count="8"/>
        <line num="53" type="method" name="decodeTransform" crap="1" count="8"/>
        <line num="55" type="stmt" count="8"/>
        <line num="66" type="method" name="encode" crap="1" count="32"/>
        <line num="68" type="stmt" count="32"/>
        <line num="70" type="stmt" count="32"/>
        <line num="81" type="method" name="decode" crap="1" count="32"/>
        <line num="83" type="stmt" count="32"/>
        <line num="85" type="stmt" count="32"/>
        <line num="95" type="method" name="createEncodeStream" crap="1" count="4"/>
        <line num="97" type="stmt" count="4"/>
        <line num="107" type="method" name="createDecodeStream" crap="1" count="4"/>
        <line num="109" type="stmt" count="4"/>
        <line num="115" type="stmt" count="0"/>
        <metrics loc="114" ncloc="57" classes="1" methods="7" coveredmethods="7" conditionals="0" coveredconditionals="0" statements="11" coveredstatements="11" elements="18" coveredelements="18"/>
      </file>
      <file name="/home/travis/build/ezzatron/endec/src/Endec.php">
        <class name="Endec" namespace="Eloquent\Endec">
          <metrics methods="1" coveredmethods="1" conditionals="0" coveredconditionals="0" statements="26" coveredstatements="26" elements="27" coveredelements="27"/>
        </class>
        <line num="26" type="method" name="registerFilters" crap="1" count="1"/>
        <line num="28" type="stmt" count="1"/>
        <line num="30" type="stmt" count="1"/>
        <line num="31" type="stmt" count="1"/>
        <line num="33" type="stmt" count="1"/>
        <line num="34" type="stmt" count="1"/>
        <line num="35" type="stmt" count="1"/>
        <line num="37" type="stmt" count="1"/>
        <line num="38" type="stmt" count="1"/>
        <line num="39" type="stmt" count="1"/>
        <line num="41" type="stmt" count="1"/>
        <line num="42" type="stmt" count="1"/>
        <line num="43" type="stmt" count="1"/>
        <line num="45" type="stmt" count="1"/>
        <line num="46" type="stmt" count="1"/>
        <line num="47" type="stmt" count="1"/>
        <line num="49" type="stmt" count="1"/>
        <line num="50" type="stmt" count="1"/>
        <line num="51" type="stmt" count="1"/>
        <line num="53" type="stmt" count="1"/>
        <line num="54" type="stmt" count="1"/>
        <line num="55" type="stmt" count="1"/>
        <line num="57" type="stmt" count="1"/>
        <line num="58" type="stmt" count="1"/>
        <line num="59" type="stmt" count="1"/>
        <line num="61" type="stmt" count="1"/>
        <line num="62" type="stmt" count="1"/>
        <line num="64" type="stmt" count="0"/>
        <metrics loc="63" ncloc="47" classes="1" methods="1" coveredmethods="1" conditionals="0" coveredconditionals="0" statements="26" coveredstatements="26" elements="27" coveredelements="27"/>
      </file>
    </package>
    <package name="Eloquent\Endec\Base16">
      <file name="/home/travis/build/ezzatron/endec/src/Base16/Base16.php">
        <class name="Base16" namespace="Eloquent\Endec\Base16">
          <metrics methods="2" coveredmethods="2" conditionals="0" coveredconditionals="0" statements="9" coveredstatements="9" elements="11" coveredelements="11"/>
        </class>
        <line num="28" type="method" name="instance" crap="2" count="1"/>
        <line num="30" type="stmt" count="1"/>
        <line num="31" type="stmt" count="1"/>
        <line num="34" type="stmt" count="1"/>
        <line num="43" type="method" name="__construct" crap="3" count="21"/>
        <line num="47" type="stmt" count="21"/>
        <line num="48" type="stmt" count="2"/>
        <line num="50" type="stmt" count="21"/>
        <line num="51" type="stmt" count="2"/>
        <line num="54" type="stmt" count="21"/>
        <line num="55" type="stmt" count="21"/>
        <line num="59" type="stmt" count="0"/>
        <metrics loc="58" ncloc="36" classes="1" methods="2" coveredmethods="2" conditionals="0" coveredconditionals="0" statements="9" coveredstatements="9" elements="11" coveredelements="11"/>
      </file>
      <file name="/home/travis/build/ezzatron/endec/src/Base16/Base16DecodeNativeStreamFilter.php">
        <class name="Base16DecodeNativeStreamFilter" namespace="Eloquent\Endec\Base16">
          <metrics methods="1" coveredmethods="1" conditionals="0" coveredconditionals="0" statements="1" coveredstatements="1" elements="2" coveredelements="2"/>
        </class>
        <line num="27" type="method" name="createTransform" crap="1" count="2"/>
        <line num="29" type="stmt" count="2"/>
        <line num="32" type="stmt" count="0"/>
        <metrics loc="31" ncloc="15" classes="1" methods="1" coveredmethods="1" conditionals="0" coveredconditionals="0" statements="1" coveredstatements="1" elements="2" coveredelements="2"/>
      </file>
      <file name="/home/travis/build/ezzatron/endec/src/Base16/Base16DecodeTransform.php">
        <class name="Base16DecodeTransform" namespace="Eloquent\Endec\Base16">
          <metrics methods="2" coveredmethods="2" conditionals="0" coveredconditionals="0" statements="11" coveredstatements="11" elements="13" coveredelements="13"/>
        </class>
        <line num="29" type="method" name="instance" crap="2" count="1"/>
        <line num="31" type="stmt" count="1"/>
        <line num="32" type="stmt" count="1"/>
        <line num="35" type="stmt" count="1"/>
        <line num="52" type="method" name="transform" crap="3" count="12"/>
        <line num="54" type="stmt" count="12"/>
        <line num="55" type="stmt" count="12"/>
        <line num="56" type="stmt" count="3"/>
        <line num="59" type="stmt" count="9"/>
        <line num="60" type="stmt" count="9"/>
        <line num="61" type="stmt" count="9"/>
        <line num="62" type="stmt" count="1"/>
        <line num="65" type="stmt" count="8"/>
        <line num="70" type="stmt" count="0"/>
        <metrics loc="69" ncloc="39" classes="1" methods="2" coveredmethods="2" conditionals="0" coveredconditionals="0" statements="11" coveredstatements="11" elements="13" coveredelements="13"/>
      </file>
      <file name="/home/travis/build/ezzatron/endec/src/Base16/Base16EncodeNativeStreamFilter.php">
        <class name="Base16EncodeNativeStreamFilter" namespace="Eloquent\Endec\Base16">
          <metrics methods="1" coveredmethods="1" conditionals="0" coveredconditionals="0" statements="1" coveredstatements="1" elements="2" coveredelements="2"/>
        </class>
        <line num="27" type="method" name="createTransform" crap="1" count="1"/>
        <line num="29" type="stmt" count="1"/>
        <line num="32" type="stmt" count="0"/>
        <metrics loc="31" ncloc="15" classes="1" methods="1" coveredmethods="1" conditionals="0" coveredconditionals="0" statements="1" coveredstatements="1" elements="2" coveredelements="2"/>
      </file>
      <file name="/home/travis/build/ezzatron/endec/src/Base16/Base16EncodeTransform.php">
        <class name="Base16EncodeTransform" namespace="Eloquent\Endec\Base16">
          <metrics methods="2" coveredmethods="2" conditionals="0" coveredconditionals="0" statements="4" coveredstatements="4" elements="6" coveredelements="6"/>
        </class>
        <line num="27" type="method" name="instance" crap="2" count="1"/>
        <line num="29" type="stmt" count="1"/>
        <line num="30" type="stmt" count="1"/>
        <line num="33" type="stmt" count="1"/>
        <line num="50" type="method" name="transform" crap="1" count="14"/>
        <line num="52" type="stmt" count="14"/>
        <line num="57" type="stmt" count="0"/>
        <metrics loc="56" ncloc="26" classes="1" methods="2" coveredmethods="2" conditionals="0" coveredconditionals="0" statements="4" coveredstatements="4" elements="6" coveredelements="6"/>
      </file>
    </package>
    <package name="Eloquent\Endec\Base32">
      <file name="/home/travis/build/ezzatron/endec/src/Base32/Base32.php">
        <class name="Base32" namespace="Eloquent\Endec\Base32">
          <metrics methods="2" coveredmethods="2" conditionals="0" coveredconditionals="0" statements="9" coveredstatements="9" elements="11" coveredelements="11"/>
        </class>
        <line num="28" type="method" name="instance" crap="2" count="1"/>
        <line num="30" type="stmt" count="1"/>
        <line num="31" type="stmt" count="1"/>
        <line num="34" type="stmt" count="1"/>
        <line num="43" type="method" name="__construct" crap="3" count="21"/>
        <line num="47" type="stmt" count="21"/>
        <line num="48" type="stmt" count="2"/>
        <line num="50" type="stmt" count="21"/>
        <line num="51" type="stmt" count="2"/>
        <line num="54" type="stmt" count="21"/>
        <line num="55" type="stmt" count="21"/>
        <line num="59" type="stmt" count="0"/>
        <metrics loc="58" ncloc="36" classes="1" methods="2" coveredmethods="2" conditionals="0" coveredconditionals="0" statements="9" coveredstatements="9" elements="11" coveredelements="11"/>
      </file>
      <file name="/home/travis/build/ezzatron/endec/src/Base32/Base32DecodeNativeStreamFilter.php">
        <class name="Base32DecodeNativeStreamFilter" namespace="Eloquent\Endec\Base32">
          <metrics methods="1" coveredmethods="1" conditionals="0" coveredconditionals="0" statements="1" coveredstatements="1" elements="2" coveredelements="2"/>
        </class>
        <line num="27" type="method" name="createTransform" crap="1" count="2"/>
        <line num="29" type="stmt" count="2"/>
        <line num="32" type="stmt" count="0"/>
        <metrics loc="31" ncloc="15" classes="1" methods="1" coveredmethods="1" conditionals="0" coveredconditionals="0" statements="1" coveredstatements="1" elements="2" coveredelements="2"/>
      </file>
      <file name="/home/travis/build/ezzatron/endec/src/Base32/Base32DecodeTransform.php">
        <class name="Base32DecodeTransform" namespace="Eloquent\Endec\Base32">
          <metrics methods="3" coveredmethods="3" conditionals="0" coveredconditionals="0" statements="26" coveredstatements="26" elements="29" coveredelements="29"/>
        </class>
        <line num="28" type="method" name="instance" crap="2" count="1"/>
        <line num="30" type="stmt" count="1"/>
        <line num="31" type="stmt" count="1"/>
        <line num="34" type="stmt" count="1"/>
        <line num="51" type="method" name="transform" crap="2" count="30"/>
        <line num="53" type="stmt" count="30"/>
        <line num="54" type="stmt" count="30"/>
        <line num="55" type="stmt" count="9"/>
        <line num="59" type="stmt" count="21"/>
        <line num="61" type="stmt" count="20"/>
        <line num="72" type="method" name="decode" crap="5" count="21"/>
        <line num="74" type="stmt" count="21"/>
        <line num="75" type="stmt" count="21"/>
        <line num="76" type="stmt" count="21"/>
        <line num="77" type="stmt" count="1"/>
        <line num="80" type="stmt" count="20"/>
        <line num="81" type="stmt" count="20"/>
        <line num="82" type="stmt" count="20"/>
        <line num="83" type="stmt" count="20"/>
        <line num="85" type="stmt" count="20"/>
        <line num="86" type="stmt" count="20"/>
        <line num="88" type="stmt" count="20"/>
        <line num="89" type="stmt" count="9"/>
        <line num="90" type="stmt" count="9"/>
        <line num="92" type="stmt" count="20"/>
        <line num="93" type="stmt" count="20"/>
        <line num="94" type="stmt" count="20"/>
        <line num="95" type="stmt" count="20"/>
        <line num="97" type="stmt" count="20"/>
        <line num="136" type="stmt" count="0"/>
        <metrics loc="135" ncloc="97" classes="1" methods="3" coveredmethods="3" conditionals="0" coveredconditionals="0" statements="26" coveredstatements="26" elements="29" coveredelements="29"/>
      </file>
      <file name="/home/travis/build/ezzatron/endec/src/Base32/Base32EncodeNativeStreamFilter.php">
        <class name="Base32EncodeNativeStreamFilter" namespace="Eloquent\Endec\Base32">
          <metrics methods="1" coveredmethods="1" conditionals="0" coveredconditionals="0" statements="1" coveredstatements="1" elements="2" coveredelements="2"/>
        </class>
        <line num="27" type="method" name="createTransform" crap="1" count="1"/>
        <line num="29" type="stmt" count="1"/>
        <line num="32" type="stmt" count="0"/>
        <metrics loc="31" ncloc="15" classes="1" methods="1" coveredmethods="1" conditionals="0" coveredconditionals="0" statements="1" coveredstatements="1" elements="2" coveredelements="2"/>
      </file>
      <file name="/home/travis/build/ezzatron/endec/src/Base32/Base32EncodeTransform.php">
        <class name="Base32EncodeTransform" namespace="Eloquent\Endec\Base32">
          <metrics methods="3" coveredmethods="3" conditionals="0" coveredconditionals="0" statements="25" coveredstatements="25" elements="28" coveredelements="28"/>
        </class>
        <line num="27" type="method" name="instance" crap="2" count="1"/>
        <line num="29" type="stmt" count="1"/>
        <line num="30" type="stmt" count="1"/>
        <line num="33" type="stmt" count="1"/>
        <line num="50" type="method" name="transform" crap="2" count="22"/>
        <line num="52" type="stmt" count="22"/>
        <line num="53" type="stmt" count="22"/>
        <line num="54" type="stmt" count="6"/>
        <line num="58" type="stmt" count="16"/>
        <line num="60" type="stmt" count="16"/>
        <line num="70" type="method" name="encode" crap="5" count="16"/>
        <line num="72" type="stmt" count="16"/>
        <line num="73" type="stmt" count="16"/>
        <line num="74" type="stmt" count="16"/>
        <line num="75" type="stmt" count="16"/>
        <line num="77" type="stmt" count="16"/>
        <line num="78" type="stmt" count="16"/>
        <line num="79" type="stmt" count="8"/>
        <line num="80" type="stmt" count="8"/>
        <line num="82" type="stmt" count="16"/>
        <line num="83" type="stmt" count="16"/>
        <line num="84" type="stmt" count="16"/>
        <line num="85" type="stmt" count="8"/>
        <line num="86" type="stmt" count="8"/>
        <line num="88" type="stmt" count="16"/>
        <line num="89" type="stmt" count="16"/>
        <line num="91" type="stmt" count="16"/>
        <line num="93" type="stmt" count="16"/>
        <line num="132" type="stmt" count="0"/>
        <metrics loc="131" ncloc="94" classes="1" methods="3" coveredmethods="3" conditionals="0" coveredconditionals="0" statements="25" coveredstatements="25" elements="28" coveredelements="28"/>
      </file>
    </package>
    <package name="Eloquent\Endec\Base64">
      <file name="/home/travis/build/ezzatron/endec/src/Base64/Base64.php">
        <class name="Base64" namespace="Eloquent\Endec\Base64">
          <metrics methods="2" coveredmethods="2" conditionals="0" coveredconditionals="0" statements="9" coveredstatements="9" elements="11" coveredelements="11"/>
        </class>
        <line num="28" type="method" name="instance" crap="2" count="1"/>
        <line num="30" type="stmt" count="1"/>
        <line num="31" type="stmt" count="1"/>
        <line num="34" type="stmt" count="1"/>
        <line num="43" type="method" name="__construct" crap="3" count="21"/>
        <line num="47" type="stmt" count="21"/>
        <line num="48" type="stmt" count="2"/>
        <line num="50" type="stmt" count="21"/>
        <line num="51" type="stmt" count="2"/>
        <line num="54" type="stmt" count="21"/>
        <line num="55" type="stmt" count="21"/>
        <line num="59" type="stmt" count="0"/>
        <metrics loc="58" ncloc="36" classes="1" methods="2" coveredmethods="2" conditionals="0" coveredconditionals="0" statements="9" coveredstatements="9" elements="11" coveredelements="11"/>
      </file>
      <file name="/home/travis/build/ezzatron/endec/src/Base64/Base64DecodeNativeStreamFilter.php">
        <class name="Base64DecodeNativeStreamFilter" namespace="Eloquent\Endec\Base64">
          <metrics methods="1" coveredmethods="1" conditionals="0" coveredconditionals="0" statements="1" coveredstatements="1" elements="2" coveredelements="2"/>
        </class>
        <line num="27" type="method" name="createTransform" crap="1" count="2"/>
        <line num="29" type="stmt" count="2"/>
        <line num="32" type="stmt" count="0"/>
        <metrics loc="31" ncloc="15" classes="1" methods="1" coveredmethods="1" conditionals="0" coveredconditionals="0" statements="1" coveredstatements="1" elements="2" coveredelements="2"/>
      </file>
      <file name="/home/travis/build/ezzatron/endec/src/Base64/Base64DecodeTransform.php">
        <class name="Base64DecodeTransform" namespace="Eloquent\Endec\Base64">
          <metrics methods="2" coveredmethods="2" conditionals="0" coveredconditionals="0" statements="11" coveredstatements="11" elements="13" coveredelements="13"/>
        </class>
        <line num="29" type="method" name="instance" crap="2" count="1"/>
        <line num="31" type="stmt" count="1"/>
        <line num="32" type="stmt" count="1"/>
        <line num="35" type="stmt" count="1"/>
        <line num="52" type="method" name="transform" crap="3" count="19"/>
        <line num="54" type="stmt" count="19"/>
        <line num="55" type="stmt" count="19"/>
        <line num="56" type="stmt" count="5"/>
        <line num="59" type="stmt" count="14"/>
        <line num="60" type="stmt" count="14"/>
        <line num="61" type="stmt" count="14"/>
        <line num="62" type="stmt" count="1"/>
        <line num="65" type="stmt" count="13"/>
        <line num="70" type="stmt" count="0"/>
        <metrics loc="69" ncloc="39" classes="1" methods="2" coveredmethods="2" conditionals="0" coveredconditionals="0" statements="11" coveredstatements="11" elements="13" coveredelements="13"/>
      </file>
      <file name="/home/travis/build/ezzatron/endec/src/Base64/Base64EncodeNativeStreamFilter.php">
        <class name="Base64EncodeNativeStreamFilter" namespace="Eloquent\Endec\Base64">
          <metrics methods="1" coveredmethods="1" conditionals="0" coveredconditionals="0" statements="1" coveredstatements="1" elements="2" coveredelements="2"/>
        </class>
        <line num="27" type="method" name="createTransform" crap="1" count="1"/>
        <line num="29" type="stmt" count="1"/>
        <line num="32" type="stmt" count="0"/>
        <metrics loc="31" ncloc="15" classes="1" methods="1" coveredmethods="1" conditionals="0" coveredconditionals="0" statements="1" coveredstatements="1" elements="2" coveredelements="2"/>
      </file>
      <file name="/home/travis/build/ezzatron/endec/src/Base64/Base64EncodeTransform.php">
        <class name="Base64EncodeTransform" namespace="Eloquent\Endec\Base64">
          <metrics methods="2" coveredmethods="2" conditionals="0" coveredconditionals="0" statements="8" coveredstatements="8" elements="10" coveredelements="10"/>
        </class>
        <line num="27" type="method" name="instance" crap="2" count="1"/>
        <line num="29" type="stmt" count="1"/>
        <line num="30" type="stmt" count="1"/>
        <line num="33" type="stmt" count="1"/>
        <line num="50" type="method" name="transform" crap="2" count="14"/>
        <line num="52" type="stmt" count="14"/>
        <line num="53" type="stmt" count="14"/>
        <line num="54" type="stmt" count="4"/>
        <line num="58" type="stmt" count="10"/>
        <line num="60" type="stmt" count="10"/>
        <line num="65" type="stmt" count="0"/>
        <metrics loc="64" ncloc="34" classes="1" methods="2" coveredmethods="2" conditionals="0" coveredconditionals="0" statements="8" coveredstatements="8" elements="10" coveredelements="10"/>
      </file>
      <file name="/home/travis/build/ezzatron/endec/src/Base64/Base64Url.php">
        <class name="Base64Url" namespace="Eloquent\Endec\Base64">
          <metrics methods="2" coveredmethods="2" conditionals="0" coveredconditionals="0" statements="9" coveredstatements="9" elements="11" coveredelements="11"/>
        </class>
        <line num="28" type="method" name="instance" crap="2" count="1"/>
        <line num="30" type="stmt" count="1"/>
        <line num="31" type="stmt" count="1"/>
        <line num="34" type="stmt" count="1"/>
        <line num="43" type="method" name="__construct" crap="3" count="21"/>
        <line num="47" type="stmt" count="21"/>
        <line num="48" type="stmt" count="2"/>
        <line num="50" type="stmt" count="21"/>
        <line num="51" type="stmt" count="2"/>
        <line num="54" type="stmt" count="21"/>
        <line num="55" type="stmt" count="21"/>
        <line num="59" type="stmt" count="0"/>
        <metrics loc="58" ncloc="36" classes="1" methods="2" coveredmethods="2" conditionals="0" coveredconditionals="0" statements="9" coveredstatements="9" elements="11" coveredelements="11"/>
      </file>
      <file name="/home/travis/build/ezzatron/endec/src/Base64/Base64UrlDecodeNativeStreamFilter.php">
        <class name="Base64UrlDecodeNativeStreamFilter" namespace="Eloquent\Endec\Base64">
          <metrics methods="1" coveredmethods="1" conditionals="0" coveredconditionals="0" statements="1" coveredstatements="1" elements="2" coveredelements="2"/>
        </class>
        <line num="27" type="method" name="createTransform" crap="1" count="2"/>
        <line num="29" type="stmt" count="2"/>
        <line num="32" type="stmt" count="0"/>
        <metrics loc="31" ncloc="15" classes="1" methods="1" coveredmethods="1" conditionals="0" coveredconditionals="0" statements="1" coveredstatements="1" elements="2" coveredelements="2"/>
      </file>
      <file name="/home/travis/build/ezzatron/endec/src/Base64/Base64UrlDecodeTransform.php">
        <class name="Base64UrlDecodeTransform" namespace="Eloquent\Endec\Base64">
          <metrics methods="2" coveredmethods="2" conditionals="0" coveredconditionals="0" statements="17" coveredstatements="17" elements="19" coveredelements="19"/>
        </class>
        <line num="29" type="method" name="instance" crap="2" count="1"/>
        <line num="31" type="stmt" count="1"/>
        <line num="32" type="stmt" count="1"/>
        <line num="35" type="stmt" count="1"/>
        <line num="52" type="method" name="transform" crap="3" count="19"/>
        <line num="54" type="stmt" count="19"/>
        <line num="55" type="stmt" count="19"/>
        <line num="56" type="stmt" count="5"/>
        <line num="59" type="stmt" count="14"/>
        <line num="60" type="stmt" count="14"/>
        <line num="61" type="stmt" count="14"/>
        <line num="62" type="stmt" count="14"/>
        <line num="63" type="stmt" count="14"/>
        <line num="64" type="stmt" count="14"/>
        <line num="66" type="stmt" count="14"/>
        <line num="68" type="stmt" count="14"/>
        <line num="69" type="stmt" count="14"/>
        <line num="70" type="stmt" count="1"/>
        <line num="73" type="stmt" count="13"/>
        <line num="78" type="stmt" count="0"/>
        <metrics loc="77" ncloc="47" classes="1" methods="2" coveredmethods="2" conditionals="0" coveredconditionals="0" statements="17" coveredstatements="17" elements="19" coveredelements="19"/>
      </file>
      <file name="/home/travis/build/ezzatron/endec/src/Base64/Base64UrlEncodeNativeStreamFilter.php">
        <class name="Base64UrlEncodeNativeStreamFilter" namespace="Eloquent\Endec\Base64">
          <metrics methods="1" coveredmethods="1" conditionals="0" coveredconditionals="0" statements="1" coveredstatements="1" elements="2" coveredelements="2"/>
        </class>
        <line num="27" type="method" name="createTransform" crap="1" count="1"/>
        <line num="29" type="stmt" count="1"/>
        <line num="32" type="stmt" count="0"/>
        <metrics loc="31" ncloc="15" classes="1" methods="1" coveredmethods="1" conditionals="0" coveredconditionals="0" statements="1" coveredstatements="1" elements="2" coveredelements="2"/>
      </file>
      <file name="/home/travis/build/ezzatron/endec/src/Base64/Base64UrlEncodeTransform.php">
        <class name="Base64UrlEncodeTransform" namespace="Eloquent\Endec\Base64">
          <metrics methods="2" coveredmethods="2" conditionals="0" coveredconditionals="0" statements="13" coveredstatements="13" elements="15" coveredelements="15"/>
        </class>
        <line num="27" type="method" name="instance" crap="2" count="1"/>
        <line num="29" type="stmt" count="1"/>
        <line num="30" type="stmt" count="1"/>
        <line num="33" type="stmt" count="1"/>
        <line num="50" type="method" name="transform" crap="2" count="14"/>
        <line num="52" type="stmt" count="14"/>
        <line num="53" type="stmt" count="14"/>
        <line num="54" type="stmt" count="4"/>
        <line num="58" type="stmt" count="10"/>
        <line num="59" type="stmt" count="10"/>
        <line num="60" type="stmt" count="10"/>
        <line num="61" type="stmt" count="10"/>
        <line num="63" type="stmt" count="10"/>
        <line num="65" type="stmt" count="10"/>
        <line num="67" type="stmt" count="10"/>
        <line num="72" type="stmt" count="0"/>
        <metrics loc="71" ncloc="41" classes="1" methods="2" coveredmethods="2" conditionals="0" coveredconditionals="0" statements="13" coveredstatements="13" elements="15" coveredelements="15"/>
      </file>
    </package>
    <file name="/home/travis/build/ezzatron/endec/src/CodecInterface.php">
      <line num="20" type="stmt" count="0"/>
      <metrics loc="19" ncloc="8" classes="0" methods="0" coveredmethods="0" conditionals="0" coveredconditionals="0" statements="0" coveredstatements="0" elements="0" coveredelements="0"/>
    </file>
    <file name="/home/travis/build/ezzatron/endec/src/DecoderInterface.php">
      <line num="41" type="stmt" count="0"/>
      <metrics loc="40" ncloc="14" classes="0" methods="0" coveredmethods="0" conditionals="0" coveredconditionals="0" statements="0" coveredstatements="0" elements="0" coveredelements="0"/>
    </file>
    <file name="/home/travis/build/ezzatron/endec/src/EncoderInterface.php">
      <line num="41" type="stmt" count="0"/>
      <metrics loc="40" ncloc="14" classes="0" methods="0" coveredmethods="0" conditionals="0" coveredconditionals="0" statements="0" coveredstatements="0" elements="0" coveredelements="0"/>
    </file>
    <package name="Eloquent\Endec\Exception">
      <file name="/home/travis/build/ezzatron/endec/src/Exception/InvalidEncodedDataException.php">
        <class name="InvalidEncodedDataException" namespace="Eloquent\Endec\Exception">
          <metrics methods="3" coveredmethods="3" conditionals="0" coveredconditionals="0" statements="11" coveredstatements="11" elements="14" coveredelements="14"/>
        </class>
        <line num="30" type="method" name="__construct" crap="1" count="1"/>
        <line num="35" type="stmt" count="1"/>
        <line num="36" type="stmt" count="1"/>
        <line num="38" type="stmt" count="1"/>
        <line num="39" type="stmt" count="1"/>
        <line num="40" type="stmt" count="1"/>
        <line num="42" type="stmt" count="1"/>
        <line num="43" type="stmt" count="1"/>
        <line num="45" type="stmt" count="1"/>
        <line num="46" type="stmt" count="1"/>
        <line num="53" type="method" name="encoding" crap="1" count="1"/>
        <line num="55" type="stmt" count="1"/>
        <line num="63" type="method" name="data" crap="1" count="1"/>
        <line num="65" type="stmt" count="1"/>
        <line num="71" type="stmt" count="0"/>
        <metrics loc="70" ncloc="42" classes="1" methods="3" coveredmethods="3" conditionals="0" coveredconditionals="0" statements="11" coveredstatements="11" elements="14" coveredelements="14"/>
      </file>
    </package>
    <package name="Eloquent\Endec\Transform">
      <file name="/home/travis/build/ezzatron/endec/src/Transform/AbstractDataTransform.php">
        <class name="AbstractDataTransform" namespace="Eloquent\Endec\Transform">
          <metrics methods="1" coveredmethods="1" conditionals="0" coveredconditionals="0" statements="6" coveredstatements="6" elements="7" coveredelements="7"/>
        </class>
        <line num="29" type="method" name="calculateConsumeBytes" crap="2" count="130"/>
        <line num="31" type="stmt" count="130"/>
        <line num="32" type="stmt" count="130"/>
        <line num="33" type="stmt" count="63"/>
        <line num="34" type="stmt" count="63"/>
        <line num="35" type="stmt" count="67"/>
        <line num="38" type="stmt" count="130"/>
        <line num="41" type="stmt" count="0"/>
        <metrics loc="40" ncloc="19" classes="1" methods="1" coveredmethods="1" conditionals="0" coveredconditionals="0" statements="6" coveredstatements="6" elements="7" coveredelements="7"/>
      </file>
      <file name="/home/travis/build/ezzatron/endec/src/Transform/AbstractNativeStreamFilter.php">
        <class name="AbstractNativeStreamFilter" namespace="Eloquent\Endec\Transform">
          <metrics methods="3" coveredmethods="2" conditionals="0" coveredconditionals="0" statements="29" coveredstatements="29" elements="32" coveredelements="31"/>
        </class>
        <line num="0" type="stmt" count="0"/>
        <line num="25" type="method" name="onCreate" crap="1" count="12"/>
        <line num="27" type="stmt" count="12"/>
        <line num="28" type="stmt" count="12"/>
        <line num="30" type="stmt" count="12"/>
        <line num="43" type="method" name="filter" crap="9" count="12"/>
        <line num="45" type="stmt" count="12"/>
        <line num="46" type="stmt" count="12"/>
        <line num="47" type="stmt" count="12"/>
        <line num="48" type="stmt" count="12"/>
        <line num="51" type="stmt" count="12"/>
        <line num="52" type="stmt" count="12"/>
        <line num="53" type="stmt" count="12"/>
        <line num="54" type="stmt" count="12"/>
        <line num="57" type="stmt" count="12"/>
        <line num="58" type="stmt" count="12"/>
        <line num="59" type="stmt" count="12"/>
        <line num="60" type="stmt" count="4"/>
        <line num="63" type="stmt" count="12"/>
        <line num="64" type="stmt" count="12"/>
        <line num="65" type="stmt" count="8"/>
        <line num="66" type="stmt" count="8"/>
        <line num="67" type="stmt" count="11"/>
        <line num="70" type="stmt" count="12"/>
        <line num="71" type="stmt" count="8"/>
        <line num="72" type="stmt" count="8"/>
        <line num="73" type="stmt" count="8"/>
        <line num="76" type="stmt" count="12"/>
        <line num="77" type="stmt" count="12"/>
        <line num="79" type="stmt" count="12"/>
        <line num="80" type="stmt" count="8"/>
        <line num="83" type="stmt" count="11"/>
        <line num="91" type="method" name="createTransform" crap="1" count="0"/>
        <line num="96" type="stmt" count="0"/>
        <metrics loc="95" ncloc="65" classes="1" methods="2" coveredmethods="2" conditionals="0" coveredconditionals="0" statements="29" coveredstatements="29" elements="31" coveredelements="31"/>
      </file>
      <file name="/home/travis/build/ezzatron/endec/src/Transform/TransformStream.php">
        <class name="TransformStream" namespace="Eloquent\Endec\Transform">
          <metrics methods="13" coveredmethods="13" conditionals="0" coveredconditionals="0" statements="59" coveredstatements="59" elements="72" coveredelements="72"/>
        </class>
        <line num="31" type="method" name="__construct" crap="2" count="16"/>
        <line num="35" type="stmt" count="16"/>
        <line num="36" type="stmt" count="1"/>
        <line num="39" type="stmt" count="16"/>
        <line num="40" type="stmt" count="16"/>
        <line num="42" type="stmt" count="16"/>
        <line num="43" type="stmt" count="16"/>
        <line num="44" type="stmt" count="16"/>
        <line num="51" type="method" name="transform" crap="1" count="1"/>
        <line num="53" type="stmt" count="1"/>
        <line num="61" type="method" name="bufferSize" crap="1" count="2"/>
        <line num="63" type="stmt" count="2"/>
        <line num="71" type="method" name="isWritable" crap="1" count="1"/>
        <line num="73" type="stmt" count="1"/>
        <line num="81" type="method" name="isReadable" crap="1" count="1"/>
        <line num="83" type="stmt" count="1"/>
        <line num="94" type="method" name="write" crap="2" count="7"/>
        <line num="96" type="stmt" count="7"/>
        <line num="97" type="stmt" count="1"/>
        <line num="100" type="stmt" count="7"/>
        <line num="101" type="stmt" count="7"/>
        <line num="103" type="stmt" count="7"/>
        <line num="113" type="method" name="end" crap="3" count="14"/>
        <line num="115" type="stmt" count="14"/>
        <line num="116" type="stmt" count="1"/>
        <line num="119" type="stmt" count="13"/>
        <line num="121" type="stmt" count="13"/>
        <line num="122" type="stmt" count="8"/>
        <line num="124" type="stmt" count="13"/>
        <line num="125" type="stmt" count="13"/>
        <line num="130" type="method" name="close" crap="2" count="1"/>
        <line num="132" type="stmt" count="1"/>
        <line num="133" type="stmt" count="1"/>
        <line num="136" type="stmt" count="1"/>
        <line num="137" type="stmt" count="1"/>
        <line num="142" type="method" name="pause" crap="1" count="1"/>
        <line num="144" type="stmt" count="1"/>
        <line num="145" type="stmt" count="1"/>
        <line num="152" type="method" name="resume" crap="1" count="1"/>
        <line num="154" type="stmt" count="1"/>
        <line num="155" type="stmt" count="1"/>
        <line num="156" type="stmt" count="1"/>
        <line num="166" type="method" name="pipe" crap="1" count="1"/>
        <line num="170" type="stmt" count="1"/>
        <line num="172" type="stmt" count="1"/>
        <line num="180" type="method" name="transformBuffer" crap="8" count="14"/>
        <line num="182" type="stmt" count="14"/>
        <line num="183" type="stmt" count="14"/>
        <line num="184" type="stmt" count="14"/>
        <line num="185" type="stmt" count="13"/>
        <line num="186" type="stmt" count="13"/>
        <line num="189" type="stmt" count="13"/>
        <line num="192" type="stmt" count="13"/>
        <line num="193" type="stmt" count="1"/>
        <line num="196" type="stmt" count="13"/>
        <line num="197" type="stmt" count="5"/>
        <line num="201" type="stmt" count="13"/>
        <line num="203" type="stmt" count="13"/>
        <line num="204" type="stmt" count="12"/>
        <line num="205" type="stmt" count="12"/>
        <line num="206" type="stmt" count="4"/>
        <line num="209" type="stmt" count="13"/>
        <line num="210" type="stmt" count="13"/>
        <line num="211" type="stmt" count="14"/>
        <line num="216" type="method" name="doClose" crap="1" count="14"/>
        <line num="218" type="stmt" count="14"/>
        <line num="219" type="stmt" count="14"/>
        <line num="220" type="stmt" count="14"/>
        <line num="222" type="stmt" count="14"/>
        <line num="223" type="stmt" count="14"/>
        <line num="224" type="stmt" count="14"/>
        <line num="225" type="stmt" count="14"/>
        <line num="234" type="stmt" count="0"/>
        <metrics loc="233" ncloc="154" classes="1" methods="13" coveredmethods="13" conditionals="0" coveredconditionals="0" statements="59" coveredstatements="59" elements="72" coveredelements="72"/>
      </file>
    </package>
    <file name="/home/travis/build/ezzatron/endec/src/Transform/DataTransformInterface.php">
      <line num="35" type="stmt" count="0"/>
      <metrics loc="34" ncloc="9" classes="0" methods="0" coveredmethods="0" conditionals="0" coveredconditionals="0" statements="0" coveredstatements="0" elements="0" coveredelements="0"/>
    </file>
    <file name="/home/travis/build/ezzatron/endec/src/Transform/Exception/TransformExceptionInterface.php">
      <line num="20" type="stmt" count="0"/>
      <metrics loc="19" ncloc="8" classes="0" methods="0" coveredmethods="0" conditionals="0" coveredconditionals="0" statements="0" coveredstatements="0" elements="0" coveredelements="0"/>
    </file>
    <file name="/home/travis/build/ezzatron/endec/src/Transform/TransformStreamInterface.php">
      <line num="31" type="stmt" count="0"/>
      <metrics loc="30" ncloc="14" classes="0" methods="0" coveredmethods="0" conditionals="0" coveredconditionals="0" statements="0" coveredstatements="0" elements="0" coveredelements="0"/>
    </file>
    <metrics files="32" loc="1949" ncloc="1132" classes="26" methods="61" coveredmethods="61" conditionals="0" coveredconditionals="0" statements="301" coveredstatements="301" elements="362" coveredelements="362"/>
  </project>
</coverage>
