<?xml version="1.0" encoding="UTF-8"?>
<testsuites>
  <testsuite name="" tests="371" assertions="465" failures="0" errors="0" time="2.779019">
    <testsuite name="Eloquent\Endec\Base16\Base16DecodeNativeStreamFilterTest" file="/home/travis/build/ezzatron/endec/test/suite/Base16/Base16DecodeNativeStreamFilterTest.php" namespace="Eloquent\Endec\Base16" fullPackage="Eloquent.Endec.Base16" tests="2" assertions="2" failures="0" errors="0" time="0.494043">
      <testcase name="testFilter" class="Eloquent\Endec\Base16\Base16DecodeNativeStreamFilterTest" file="/home/travis/build/ezzatron/endec/test/suite/Base16/Base16DecodeNativeStreamFilterTest.php" line="30" assertions="1" time="0.487540"/>
      <testcase name="testFilterFailure" class="Eloquent\Endec\Base16\Base16DecodeNativeStreamFilterTest" file="/home/travis/build/ezzatron/endec/test/suite/Base16/Base16DecodeNativeStreamFilterTest.php" line="44" assertions="1" time="0.006503"/>
    </testsuite>
    <testsuite name="Eloquent\Endec\Base16\Base16DecodeTransformTest" file="/home/travis/build/ezzatron/endec/test/suite/Base16/Base16DecodeTransformTest.php" namespace="Eloquent\Endec\Base16" fullPackage="Eloquent.Endec.Base16" tests="16" assertions="21" failures="0" errors="0" time="0.183630">
      <testsuite name="Eloquent\Endec\Base16\Base16DecodeTransformTest::testTransform" tests="7" assertions="7" failures="0" errors="0" time="0.024805">
        <testcase name="testTransform with data set &quot;Empty&quot;" assertions="1" time="0.004420"/>
        <testcase name="testTransform with data set &quot;1 bytes&quot;" assertions="1" time="0.003427"/>
        <testcase name="testTransform with data set &quot;2 bytes&quot;" assertions="1" time="0.003421"/>
        <testcase name="testTransform with data set &quot;3 bytes&quot;" assertions="1" time="0.003409"/>
        <testcase name="testTransform with data set &quot;4 bytes&quot;" assertions="1" time="0.003402"/>
        <testcase name="testTransform with data set &quot;5 bytes&quot;" assertions="1" time="0.003377"/>
        <testcase name="testTransform with data set &quot;6 bytes&quot;" assertions="1" time="0.003349"/>
      </testsuite>
      <testsuite name="Eloquent\Endec\Base16\Base16DecodeTransformTest::testTransformEnd" tests="4" assertions="4" failures="0" errors="0" time="0.014275">
        <testcase name="testTransformEnd with data set &quot;Empty&quot;" assertions="1" time="0.003417"/>
        <testcase name="testTransformEnd with data set &quot;2 bytes&quot;" assertions="1" time="0.003419"/>
        <testcase name="testTransformEnd with data set &quot;4 bytes&quot;" assertions="1" time="0.003394"/>
        <testcase name="testTransformEnd with data set &quot;6 bytes&quot;" assertions="1" time="0.004045"/>
      </testsuite>
      <testsuite name="Eloquent\Endec\Base16\Base16DecodeTransformTest::testTransformFailure" tests="4" assertions="8" failures="0" errors="0" time="0.112448">
        <testcase name="testTransformFailure with data set &quot;Characters below range&quot;" assertions="2" time="0.099644"/>
        <testcase name="testTransformFailure with data set &quot;Characters above range&quot;" assertions="2" time="0.004255"/>
        <testcase name="testTransformFailure with data set &quot;1 byte&quot;" assertions="2" time="0.004392"/>
        <testcase name="testTransformFailure with data set &quot;3 bytes&quot;" assertions="2" time="0.004157"/>
      </testsuite>
      <testcase name="testInstance" class="Eloquent\Endec\Base16\Base16DecodeTransformTest" file="/home/travis/build/ezzatron/endec/test/suite/Base16/Base16DecodeTransformTest.php" line="94" assertions="2" time="0.032101"/>
    </testsuite>
    <testsuite name="Eloquent\Endec\Base16\Base16EncodeNativeStreamFilterTest" file="/home/travis/build/ezzatron/endec/test/suite/Base16/Base16EncodeNativeStreamFilterTest.php" namespace="Eloquent\Endec\Base16" fullPackage="Eloquent.Endec.Base16" tests="1" assertions="1" failures="0" errors="0" time="0.005893">
      <testcase name="testFilter" class="Eloquent\Endec\Base16\Base16EncodeNativeStreamFilterTest" file="/home/travis/build/ezzatron/endec/test/suite/Base16/Base16EncodeNativeStreamFilterTest.php" line="30" assertions="1" time="0.005893"/>
    </testsuite>
    <testsuite name="Eloquent\Endec\Base16\Base16EncodeTransformTest" file="/home/travis/build/ezzatron/endec/test/suite/Base16/Base16EncodeTransformTest.php" namespace="Eloquent\Endec\Base16" fullPackage="Eloquent.Endec.Base16" tests="15" assertions="16" failures="0" errors="0" time="0.054185">
      <testsuite name="Eloquent\Endec\Base16\Base16EncodeTransformTest::testTransform" tests="7" assertions="7" failures="0" errors="0" time="0.024691">
        <testcase name="testTransform with data set &quot;Empty&quot;" assertions="1" time="0.003608"/>
        <testcase name="testTransform with data set &quot;1 byte&quot;" assertions="1" time="0.003467"/>
        <testcase name="testTransform with data set &quot;2 bytes&quot;" assertions="1" time="0.003474"/>
        <testcase name="testTransform with data set &quot;3 bytes&quot;" assertions="1" time="0.003466"/>
        <testcase name="testTransform with data set &quot;4 bytes&quot;" assertions="1" time="0.003522"/>
        <testcase name="testTransform with data set &quot;5 bytes&quot;" assertions="1" time="0.003534"/>
        <testcase name="testTransform with data set &quot;6 bytes&quot;" assertions="1" time="0.003620"/>
      </testsuite>
      <testsuite name="Eloquent\Endec\Base16\Base16EncodeTransformTest::testTransformEnd" tests="7" assertions="7" failures="0" errors="0" time="0.025309">
        <testcase name="testTransformEnd with data set &quot;Empty&quot;" assertions="1" time="0.004224"/>
        <testcase name="testTransformEnd with data set &quot;1 byte&quot;" assertions="1" time="0.003517"/>
        <testcase name="testTransformEnd with data set &quot;2 bytes&quot;" assertions="1" time="0.003465"/>
        <testcase name="testTransformEnd with data set &quot;3 bytes&quot;" assertions="1" time="0.003528"/>
        <testcase name="testTransformEnd with data set &quot;4 bytes&quot;" assertions="1" time="0.003536"/>
        <testcase name="testTransformEnd with data set &quot;5 bytes&quot;" assertions="1" time="0.003486"/>
        <testcase name="testTransformEnd with data set &quot;6 bytes&quot;" assertions="1" time="0.003553"/>
      </testsuite>
      <testcase name="testInstance" class="Eloquent\Endec\Base16\Base16EncodeTransformTest" file="/home/travis/build/ezzatron/endec/test/suite/Base16/Base16EncodeTransformTest.php" line="60" assertions="2" time="0.004185"/>
    </testsuite>
    <testsuite name="Eloquent\Endec\Base16\Base16Test" file="/home/travis/build/ezzatron/endec/test/suite/Base16/Base16Test.php" namespace="Eloquent\Endec\Base16" fullPackage="Eloquent.Endec.Base16" tests="21" assertions="24" failures="0" errors="0" time="0.334819">
      <testcase name="testConstructor" class="Eloquent\Endec\Base16\Base16Test" file="/home/travis/build/ezzatron/endec/test/suite/Base16/Base16Test.php" line="29" assertions="2" time="0.006940"/>
      <testcase name="testConstructorDefaults" class="Eloquent\Endec\Base16\Base16Test" file="/home/travis/build/ezzatron/endec/test/suite/Base16/Base16Test.php" line="35" assertions="2" time="0.237866"/>
      <testsuite name="Eloquent\Endec\Base16\Base16Test::testEncode" tests="7" assertions="7" failures="0" errors="0" time="0.026137">
        <testcase name="testEncode with data set &quot;RFC 4648 base16 test vector 1&quot;" assertions="1" time="0.003867"/>
        <testcase name="testEncode with data set &quot;RFC 4648 base16 test vector 2&quot;" assertions="1" time="0.003789"/>
        <testcase name="testEncode with data set &quot;RFC 4648 base16 test vector 3&quot;" assertions="1" time="0.003735"/>
        <testcase name="testEncode with data set &quot;RFC 4648 base16 test vector 4&quot;" assertions="1" time="0.003661"/>
        <testcase name="testEncode with data set &quot;RFC 4648 base16 test vector 5&quot;" assertions="1" time="0.003667"/>
        <testcase name="testEncode with data set &quot;RFC 4648 base16 test vector 6&quot;" assertions="1" time="0.003694"/>
        <testcase name="testEncode with data set &quot;RFC 4648 base16 test vector 7&quot;" assertions="1" time="0.003724"/>
      </testsuite>
      <testcase name="testEncodeFullAlphabet" class="Eloquent\Endec\Base16\Base16Test" file="/home/travis/build/ezzatron/endec/test/suite/Base16/Base16Test.php" line="65" assertions="1" time="0.003683"/>
      <testsuite name="Eloquent\Endec\Base16\Base16Test::testDecode" tests="7" assertions="7" failures="0" errors="0" time="0.027704">
        <testcase name="testDecode with data set &quot;RFC 4648 base16 test vector 1&quot;" assertions="1" time="0.003713"/>
        <testcase name="testDecode with data set &quot;RFC 4648 base16 test vector 2&quot;" assertions="1" time="0.004225"/>
        <testcase name="testDecode with data set &quot;RFC 4648 base16 test vector 3&quot;" assertions="1" time="0.004507"/>
        <testcase name="testDecode with data set &quot;RFC 4648 base16 test vector 4&quot;" assertions="1" time="0.003768"/>
        <testcase name="testDecode with data set &quot;RFC 4648 base16 test vector 5&quot;" assertions="1" time="0.003811"/>
        <testcase name="testDecode with data set &quot;RFC 4648 base16 test vector 6&quot;" assertions="1" time="0.003960"/>
        <testcase name="testDecode with data set &quot;RFC 4648 base16 test vector 7&quot;" assertions="1" time="0.003719"/>
      </testsuite>
      <testcase name="testDecodeFullAlphabet" class="Eloquent\Endec\Base16\Base16Test" file="/home/travis/build/ezzatron/endec/test/suite/Base16/Base16Test.php" line="78" assertions="1" time="0.004049"/>
      <testcase name="testCreateEncodeStream" class="Eloquent\Endec\Base16\Base16Test" file="/home/travis/build/ezzatron/endec/test/suite/Base16/Base16Test.php" line="83" assertions="1" time="0.013725"/>
      <testcase name="testCreateDecodeStream" class="Eloquent\Endec\Base16\Base16Test" file="/home/travis/build/ezzatron/endec/test/suite/Base16/Base16Test.php" line="88" assertions="1" time="0.009913"/>
      <testcase name="testInstance" class="Eloquent\Endec\Base16\Base16Test" file="/home/travis/build/ezzatron/endec/test/suite/Base16/Base16Test.php" line="93" assertions="2" time="0.004802"/>
    </testsuite>
    <testsuite name="Eloquent\Endec\Base32\Base32DecodeNativeStreamFilterTest" file="/home/travis/build/ezzatron/endec/test/suite/Base32/Base32DecodeNativeStreamFilterTest.php" namespace="Eloquent\Endec\Base32" fullPackage="Eloquent.Endec.Base32" tests="2" assertions="2" failures="0" errors="0" time="0.012892">
      <testcase name="testFilter" class="Eloquent\Endec\Base32\Base32DecodeNativeStreamFilterTest" file="/home/travis/build/ezzatron/endec/test/suite/Base32/Base32DecodeNativeStreamFilterTest.php" line="30" assertions="1" time="0.007882"/>
      <testcase name="testFilterFailure" class="Eloquent\Endec\Base32\Base32DecodeNativeStreamFilterTest" file="/home/travis/build/ezzatron/endec/test/suite/Base32/Base32DecodeNativeStreamFilterTest.php" line="44" assertions="1" time="0.005010"/>
    </testsuite>
    <testsuite name="Eloquent\Endec\Base32\Base32DecodeTransformTest" file="/home/travis/build/ezzatron/endec/test/suite/Base32/Base32DecodeTransformTest.php" namespace="Eloquent\Endec\Base32" fullPackage="Eloquent.Endec.Base32" tests="36" assertions="41" failures="0" errors="0" time="0.142138">
      <testsuite name="Eloquent\Endec\Base32\Base32DecodeTransformTest::testTransform" tests="18" assertions="18" failures="0" errors="0" time="0.068537">
        <testcase name="testTransform with data set &quot;Empty&quot;" assertions="1" time="0.003596"/>
        <testcase name="testTransform with data set &quot;1 byte&quot;" assertions="1" time="0.003627"/>
        <testcase name="testTransform with data set &quot;2 bytes&quot;" assertions="1" time="0.003564"/>
        <testcase name="testTransform with data set &quot;3 bytes&quot;" assertions="1" time="0.003578"/>
        <testcase name="testTransform with data set &quot;4 bytes&quot;" assertions="1" time="0.003536"/>
        <testcase name="testTransform with data set &quot;5 bytes&quot;" assertions="1" time="0.003551"/>
        <testcase name="testTransform with data set &quot;6 bytes&quot;" assertions="1" time="0.003598"/>
        <testcase name="testTransform with data set &quot;7 bytes&quot;" assertions="1" time="0.003752"/>
        <testcase name="testTransform with data set &quot;8 bytes&quot;" assertions="1" time="0.003950"/>
        <testcase name="testTransform with data set &quot;9 bytes&quot;" assertions="1" time="0.003939"/>
        <testcase name="testTransform with data set &quot;10 bytes&quot;" assertions="1" time="0.003942"/>
        <testcase name="testTransform with data set &quot;11 bytes&quot;" assertions="1" time="0.003914"/>
        <testcase name="testTransform with data set &quot;12 bytes&quot;" assertions="1" time="0.003928"/>
        <testcase name="testTransform with data set &quot;13 bytes&quot;" assertions="1" time="0.003920"/>
        <testcase name="testTransform with data set &quot;14 bytes&quot;" assertions="1" time="0.003935"/>
        <testcase name="testTransform with data set &quot;15 bytes&quot;" assertions="1" time="0.003912"/>
        <testcase name="testTransform with data set &quot;16 bytes&quot;" assertions="1" time="0.004263"/>
        <testcase name="testTransform with data set &quot;16 bytes with padding&quot;" assertions="1" time="0.004032"/>
      </testsuite>
      <testsuite name="Eloquent\Endec\Base32\Base32DecodeTransformTest::testTransformEnd" tests="13" assertions="13" failures="0" errors="0" time="0.051570">
        <testcase name="testTransformEnd with data set &quot;Empty&quot;" assertions="1" time="0.003574"/>
        <testcase name="testTransformEnd with data set &quot;2 bytes&quot;" assertions="1" time="0.003674"/>
        <testcase name="testTransformEnd with data set &quot;4 bytes&quot;" assertions="1" time="0.003737"/>
        <testcase name="testTransformEnd with data set &quot;5 bytes&quot;" assertions="1" time="0.003825"/>
        <testcase name="testTransformEnd with data set &quot;7 bytes&quot;" assertions="1" time="0.003916"/>
        <testcase name="testTransformEnd with data set &quot;8 bytes&quot;" assertions="1" time="0.004000"/>
        <testcase name="testTransformEnd with data set &quot;8 bytes with padding&quot;" assertions="1" time="0.003752"/>
        <testcase name="testTransformEnd with data set &quot;10 bytes&quot;" assertions="1" time="0.004168"/>
        <testcase name="testTransformEnd with data set &quot;12 bytes&quot;" assertions="1" time="0.004156"/>
        <testcase name="testTransformEnd with data set &quot;13 bytes&quot;" assertions="1" time="0.004158"/>
        <testcase name="testTransformEnd with data set &quot;15 bytes&quot;" assertions="1" time="0.004266"/>
        <testcase name="testTransformEnd with data set &quot;16 bytes&quot;" assertions="1" time="0.004286"/>
        <testcase name="testTransformEnd with data set &quot;16 bytes with padding&quot;" assertions="1" time="0.004058"/>
      </testsuite>
      <testsuite name="Eloquent\Endec\Base32\Base32DecodeTransformTest::testTransformFailure" tests="4" assertions="8" failures="0" errors="0" time="0.017686">
        <testcase name="testTransformFailure with data set &quot;Characters below range&quot;" assertions="2" time="0.004355"/>
        <testcase name="testTransformFailure with data set &quot;Characters above range&quot;" assertions="2" time="0.004288"/>
        <testcase name="testTransformFailure with data set &quot;1 byte&quot;" assertions="2" time="0.004481"/>
        <testcase name="testTransformFailure with data set &quot;9 bytes&quot;" assertions="2" time="0.004562"/>
      </testsuite>
      <testcase name="testInstance" class="Eloquent\Endec\Base32\Base32DecodeTransformTest" file="/home/travis/build/ezzatron/endec/test/suite/Base32/Base32DecodeTransformTest.php" line="114" assertions="2" time="0.004345"/>
    </testsuite>
    <testsuite name="Eloquent\Endec\Base32\Base32EncodeNativeStreamFilterTest" file="/home/travis/build/ezzatron/endec/test/suite/Base32/Base32EncodeNativeStreamFilterTest.php" namespace="Eloquent\Endec\Base32" fullPackage="Eloquent.Endec.Base32" tests="1" assertions="1" failures="0" errors="0" time="0.007229">
      <testcase name="testFilter" class="Eloquent\Endec\Base32\Base32EncodeNativeStreamFilterTest" file="/home/travis/build/ezzatron/endec/test/suite/Base32/Base32EncodeNativeStreamFilterTest.php" line="30" assertions="1" time="0.007229"/>
    </testsuite>
    <testsuite name="Eloquent\Endec\Base32\Base32EncodeTransformTest" file="/home/travis/build/ezzatron/endec/test/suite/Base32/Base32EncodeTransformTest.php" namespace="Eloquent\Endec\Base32" fullPackage="Eloquent.Endec.Base32" tests="23" assertions="24" failures="0" errors="0" time="0.088643">
      <testsuite name="Eloquent\Endec\Base32\Base32EncodeTransformTest::testTransform" tests="11" assertions="11" failures="0" errors="0" time="0.041634">
        <testcase name="testTransform with data set &quot;Empty&quot;" assertions="1" time="0.003781"/>
        <testcase name="testTransform with data set &quot;1 byte&quot;" assertions="1" time="0.003709"/>
        <testcase name="testTransform with data set &quot;2 bytes&quot;" assertions="1" time="0.003750"/>
        <testcase name="testTransform with data set &quot;3 bytes&quot;" assertions="1" time="0.003769"/>
        <testcase name="testTransform with data set &quot;4 bytes&quot;" assertions="1" time="0.003700"/>
        <testcase name="testTransform with data set &quot;5 bytes&quot;" assertions="1" time="0.003770"/>
        <testcase name="testTransform with data set &quot;6 bytes&quot;" assertions="1" time="0.003748"/>
        <testcase name="testTransform with data set &quot;7 bytes&quot;" assertions="1" time="0.003763"/>
        <testcase name="testTransform with data set &quot;8 bytes&quot;" assertions="1" time="0.003790"/>
        <testcase name="testTransform with data set &quot;9 bytes&quot;" assertions="1" time="0.004051"/>
        <testcase name="testTransform with data set &quot;10 bytes&quot;" assertions="1" time="0.003803"/>
      </testsuite>
      <testsuite name="Eloquent\Endec\Base32\Base32EncodeTransformTest::testTransformEnd" tests="11" assertions="11" failures="0" errors="0" time="0.041839">
        <testcase name="testTransformEnd with data set &quot;Empty&quot;" assertions="1" time="0.003737"/>
        <testcase name="testTransformEnd with data set &quot;1 byte&quot;" assertions="1" time="0.003745"/>
        <testcase name="testTransformEnd with data set &quot;2 bytes&quot;" assertions="1" time="0.003786"/>
        <testcase name="testTransformEnd with data set &quot;3 bytes&quot;" assertions="1" time="0.003941"/>
        <testcase name="testTransformEnd with data set &quot;4 bytes&quot;" assertions="1" time="0.003753"/>
        <testcase name="testTransformEnd with data set &quot;5 bytes&quot;" assertions="1" time="0.003748"/>
        <testcase name="testTransformEnd with data set &quot;6 bytes&quot;" assertions="1" time="0.003859"/>
        <testcase name="testTransformEnd with data set &quot;7 bytes&quot;" assertions="1" time="0.003807"/>
        <testcase name="testTransformEnd with data set &quot;8 bytes&quot;" assertions="1" time="0.003809"/>
        <testcase name="testTransformEnd with data set &quot;9 bytes&quot;" assertions="1" time="0.003819"/>
        <testcase name="testTransformEnd with data set &quot;10 bytes&quot;" assertions="1" time="0.003835"/>
      </testsuite>
      <testcase name="testInstance" class="Eloquent\Endec\Base32\Base32EncodeTransformTest" file="/home/travis/build/ezzatron/endec/test/suite/Base32/Base32EncodeTransformTest.php" line="82" assertions="2" time="0.005170"/>
    </testsuite>
    <testsuite name="Eloquent\Endec\Base32\Base32HexDecodeNativeStreamFilterTest" file="/home/travis/build/ezzatron/endec/test/suite/Base32/Base32HexDecodeNativeStreamFilterTest.php" namespace="Eloquent\Endec\Base32" fullPackage="Eloquent.Endec.Base32" tests="2" assertions="2" failures="0" errors="0" time="0.011946">
      <testcase name="testFilter" class="Eloquent\Endec\Base32\Base32HexDecodeNativeStreamFilterTest" file="/home/travis/build/ezzatron/endec/test/suite/Base32/Base32HexDecodeNativeStreamFilterTest.php" line="30" assertions="1" time="0.006812"/>
      <testcase name="testFilterFailure" class="Eloquent\Endec\Base32\Base32HexDecodeNativeStreamFilterTest" file="/home/travis/build/ezzatron/endec/test/suite/Base32/Base32HexDecodeNativeStreamFilterTest.php" line="44" assertions="1" time="0.005134"/>
    </testsuite>
    <testsuite name="Eloquent\Endec\Base32\Base32HexDecodeTransformTest" file="/home/travis/build/ezzatron/endec/test/suite/Base32/Base32HexDecodeTransformTest.php" namespace="Eloquent\Endec\Base32" fullPackage="Eloquent.Endec.Base32" tests="36" assertions="41" failures="0" errors="0" time="0.147951">
      <testsuite name="Eloquent\Endec\Base32\Base32HexDecodeTransformTest::testTransform" tests="18" assertions="18" failures="0" errors="0" time="0.072108">
        <testcase name="testTransform with data set &quot;Empty&quot;" assertions="1" time="0.003748"/>
        <testcase name="testTransform with data set &quot;1 byte&quot;" assertions="1" time="0.003645"/>
        <testcase name="testTransform with data set &quot;2 bytes&quot;" assertions="1" time="0.003792"/>
        <testcase name="testTransform with data set &quot;3 bytes&quot;" assertions="1" time="0.003607"/>
        <testcase name="testTransform with data set &quot;4 bytes&quot;" assertions="1" time="0.003941"/>
        <testcase name="testTransform with data set &quot;5 bytes&quot;" assertions="1" time="0.003654"/>
        <testcase name="testTransform with data set &quot;6 bytes&quot;" assertions="1" time="0.004004"/>
        <testcase name="testTransform with data set &quot;7 bytes&quot;" assertions="1" time="0.003675"/>
        <testcase name="testTransform with data set &quot;8 bytes&quot;" assertions="1" time="0.004363"/>
        <testcase name="testTransform with data set &quot;9 bytes&quot;" assertions="1" time="0.004043"/>
        <testcase name="testTransform with data set &quot;10 bytes&quot;" assertions="1" time="0.004041"/>
        <testcase name="testTransform with data set &quot;11 bytes&quot;" assertions="1" time="0.004049"/>
        <testcase name="testTransform with data set &quot;12 bytes&quot;" assertions="1" time="0.004026"/>
        <testcase name="testTransform with data set &quot;13 bytes&quot;" assertions="1" time="0.004280"/>
        <testcase name="testTransform with data set &quot;14 bytes&quot;" assertions="1" time="0.004140"/>
        <testcase name="testTransform with data set &quot;15 bytes&quot;" assertions="1" time="0.004317"/>
        <testcase name="testTransform with data set &quot;16 bytes&quot;" assertions="1" time="0.004347"/>
        <testcase name="testTransform with data set &quot;16 bytes with padding&quot;" assertions="1" time="0.004435"/>
      </testsuite>
      <testsuite name="Eloquent\Endec\Base32\Base32HexDecodeTransformTest::testTransformEnd" tests="13" assertions="13" failures="0" errors="0" time="0.053273">
        <testcase name="testTransformEnd with data set &quot;Empty&quot;" assertions="1" time="0.003720"/>
        <testcase name="testTransformEnd with data set &quot;2 bytes&quot;" assertions="1" time="0.003950"/>
        <testcase name="testTransformEnd with data set &quot;4 bytes&quot;" assertions="1" time="0.003868"/>
        <testcase name="testTransformEnd with data set &quot;5 bytes&quot;" assertions="1" time="0.004035"/>
        <testcase name="testTransformEnd with data set &quot;7 bytes&quot;" assertions="1" time="0.004185"/>
        <testcase name="testTransformEnd with data set &quot;8 bytes&quot;" assertions="1" time="0.004010"/>
        <testcase name="testTransformEnd with data set &quot;8 bytes with padding&quot;" assertions="1" time="0.003983"/>
        <testcase name="testTransformEnd with data set &quot;10 bytes&quot;" assertions="1" time="0.004128"/>
        <testcase name="testTransformEnd with data set &quot;12 bytes&quot;" assertions="1" time="0.004275"/>
        <testcase name="testTransformEnd with data set &quot;13 bytes&quot;" assertions="1" time="0.004210"/>
        <testcase name="testTransformEnd with data set &quot;15 bytes&quot;" assertions="1" time="0.004302"/>
        <testcase name="testTransformEnd with data set &quot;16 bytes&quot;" assertions="1" time="0.004440"/>
        <testcase name="testTransformEnd with data set &quot;16 bytes with padding&quot;" assertions="1" time="0.004167"/>
      </testsuite>
      <testsuite name="Eloquent\Endec\Base32\Base32HexDecodeTransformTest::testTransformFailure" tests="4" assertions="8" failures="0" errors="0" time="0.017952">
        <testcase name="testTransformFailure with data set &quot;Characters below range&quot;" assertions="2" time="0.004401"/>
        <testcase name="testTransformFailure with data set &quot;Characters above range&quot;" assertions="2" time="0.004357"/>
        <testcase name="testTransformFailure with data set &quot;1 byte&quot;" assertions="2" time="0.004497"/>
        <testcase name="testTransformFailure with data set &quot;9 bytes&quot;" assertions="2" time="0.004698"/>
      </testsuite>
      <testcase name="testInstance" class="Eloquent\Endec\Base32\Base32HexDecodeTransformTest" file="/home/travis/build/ezzatron/endec/test/suite/Base32/Base32HexDecodeTransformTest.php" line="114" assertions="2" time="0.004618"/>
    </testsuite>
    <testsuite name="Eloquent\Endec\Base32\Base32HexEncodeNativeStreamFilterTest" file="/home/travis/build/ezzatron/endec/test/suite/Base32/Base32HexEncodeNativeStreamFilterTest.php" namespace="Eloquent\Endec\Base32" fullPackage="Eloquent.Endec.Base32" tests="1" assertions="1" failures="0" errors="0" time="0.006515">
      <testcase name="testFilter" class="Eloquent\Endec\Base32\Base32HexEncodeNativeStreamFilterTest" file="/home/travis/build/ezzatron/endec/test/suite/Base32/Base32HexEncodeNativeStreamFilterTest.php" line="30" assertions="1" time="0.006515"/>
    </testsuite>
    <testsuite name="Eloquent\Endec\Base32\Base32HexEncodeTransformTest" file="/home/travis/build/ezzatron/endec/test/suite/Base32/Base32HexEncodeTransformTest.php" namespace="Eloquent\Endec\Base32" fullPackage="Eloquent.Endec.Base32" tests="23" assertions="24" failures="0" errors="0" time="0.091247">
      <testsuite name="Eloquent\Endec\Base32\Base32HexEncodeTransformTest::testTransform" tests="11" assertions="11" failures="0" errors="0" time="0.043286">
        <testcase name="testTransform with data set &quot;Empty&quot;" assertions="1" time="0.003769"/>
        <testcase name="testTransform with data set &quot;1 byte&quot;" assertions="1" time="0.004013"/>
        <testcase name="testTransform with data set &quot;2 bytes&quot;" assertions="1" time="0.003741"/>
        <testcase name="testTransform with data set &quot;3 bytes&quot;" assertions="1" time="0.003746"/>
        <testcase name="testTransform with data set &quot;4 bytes&quot;" assertions="1" time="0.003885"/>
        <testcase name="testTransform with data set &quot;5 bytes&quot;" assertions="1" time="0.003957"/>
        <testcase name="testTransform with data set &quot;6 bytes&quot;" assertions="1" time="0.003761"/>
        <testcase name="testTransform with data set &quot;7 bytes&quot;" assertions="1" time="0.003963"/>
        <testcase name="testTransform with data set &quot;8 bytes&quot;" assertions="1" time="0.003903"/>
        <testcase name="testTransform with data set &quot;9 bytes&quot;" assertions="1" time="0.003765"/>
        <testcase name="testTransform with data set &quot;10 bytes&quot;" assertions="1" time="0.004783"/>
      </testsuite>
      <testsuite name="Eloquent\Endec\Base32\Base32HexEncodeTransformTest::testTransformEnd" tests="11" assertions="11" failures="0" errors="0" time="0.043153">
        <testcase name="testTransformEnd with data set &quot;Empty&quot;" assertions="1" time="0.003828"/>
        <testcase name="testTransformEnd with data set &quot;1 byte&quot;" assertions="1" time="0.004057"/>
        <testcase name="testTransformEnd with data set &quot;2 bytes&quot;" assertions="1" time="0.003807"/>
        <testcase name="testTransformEnd with data set &quot;3 bytes&quot;" assertions="1" time="0.003885"/>
        <testcase name="testTransformEnd with data set &quot;4 bytes&quot;" assertions="1" time="0.004044"/>
        <testcase name="testTransformEnd with data set &quot;5 bytes&quot;" assertions="1" time="0.003822"/>
        <testcase name="testTransformEnd with data set &quot;6 bytes&quot;" assertions="1" time="0.003907"/>
        <testcase name="testTransformEnd with data set &quot;7 bytes&quot;" assertions="1" time="0.003965"/>
        <testcase name="testTransformEnd with data set &quot;8 bytes&quot;" assertions="1" time="0.003881"/>
        <testcase name="testTransformEnd with data set &quot;9 bytes&quot;" assertions="1" time="0.004112"/>
        <testcase name="testTransformEnd with data set &quot;10 bytes&quot;" assertions="1" time="0.003845"/>
      </testsuite>
      <testcase name="testInstance" class="Eloquent\Endec\Base32\Base32HexEncodeTransformTest" file="/home/travis/build/ezzatron/endec/test/suite/Base32/Base32HexEncodeTransformTest.php" line="82" assertions="2" time="0.004808"/>
    </testsuite>
    <testsuite name="Eloquent\Endec\Base32\Base32HexTest" file="/home/travis/build/ezzatron/endec/test/suite/Base32/Base32HexTest.php" namespace="Eloquent\Endec\Base32" fullPackage="Eloquent.Endec.Base32" tests="21" assertions="24" failures="0" errors="0" time="0.132348">
      <testcase name="testConstructor" class="Eloquent\Endec\Base32\Base32HexTest" file="/home/travis/build/ezzatron/endec/test/suite/Base32/Base32HexTest.php" line="29" assertions="2" time="0.004823"/>
      <testcase name="testConstructorDefaults" class="Eloquent\Endec\Base32\Base32HexTest" file="/home/travis/build/ezzatron/endec/test/suite/Base32/Base32HexTest.php" line="35" assertions="2" time="0.033770"/>
      <testsuite name="Eloquent\Endec\Base32\Base32HexTest::testEncode" tests="7" assertions="7" failures="0" errors="0" time="0.029009">
        <testcase name="testEncode with data set &quot;RFC 4648 base32 test vector 1&quot;" assertions="1" time="0.004211"/>
        <testcase name="testEncode with data set &quot;RFC 4648 base32 test vector 2&quot;" assertions="1" time="0.003930"/>
        <testcase name="testEncode with data set &quot;RFC 4648 base32 test vector 3&quot;" assertions="1" time="0.004261"/>
        <testcase name="testEncode with data set &quot;RFC 4648 base32 test vector 4&quot;" assertions="1" time="0.004087"/>
        <testcase name="testEncode with data set &quot;RFC 4648 base32 test vector 5&quot;" assertions="1" time="0.004348"/>
        <testcase name="testEncode with data set &quot;RFC 4648 base32 test vector 6&quot;" assertions="1" time="0.004053"/>
        <testcase name="testEncode with data set &quot;RFC 4648 base32 test vector 7&quot;" assertions="1" time="0.004119"/>
      </testsuite>
      <testcase name="testEncodeFullAlphabet" class="Eloquent\Endec\Base32\Base32HexTest" file="/home/travis/build/ezzatron/endec/test/suite/Base32/Base32HexTest.php" line="65" assertions="1" time="0.004885"/>
      <testsuite name="Eloquent\Endec\Base32\Base32HexTest::testDecode" tests="7" assertions="7" failures="0" errors="0" time="0.029940">
        <testcase name="testDecode with data set &quot;RFC 4648 base32 test vector 1&quot;" assertions="1" time="0.004368"/>
        <testcase name="testDecode with data set &quot;RFC 4648 base32 test vector 2&quot;" assertions="1" time="0.004042"/>
        <testcase name="testDecode with data set &quot;RFC 4648 base32 test vector 3&quot;" assertions="1" time="0.004380"/>
        <testcase name="testDecode with data set &quot;RFC 4648 base32 test vector 4&quot;" assertions="1" time="0.004187"/>
        <testcase name="testDecode with data set &quot;RFC 4648 base32 test vector 5&quot;" assertions="1" time="0.004268"/>
        <testcase name="testDecode with data set &quot;RFC 4648 base32 test vector 6&quot;" assertions="1" time="0.004315"/>
        <testcase name="testDecode with data set &quot;RFC 4648 base32 test vector 7&quot;" assertions="1" time="0.004380"/>
      </testsuite>
      <testcase name="testDecodeFullAlphabet" class="Eloquent\Endec\Base32\Base32HexTest" file="/home/travis/build/ezzatron/endec/test/suite/Base32/Base32HexTest.php" line="81" assertions="1" time="0.005388"/>
      <testcase name="testCreateEncodeStream" class="Eloquent\Endec\Base32\Base32HexTest" file="/home/travis/build/ezzatron/endec/test/suite/Base32/Base32HexTest.php" line="89" assertions="1" time="0.009888"/>
      <testcase name="testCreateDecodeStream" class="Eloquent\Endec\Base32\Base32HexTest" file="/home/travis/build/ezzatron/endec/test/suite/Base32/Base32HexTest.php" line="94" assertions="1" time="0.009866"/>
      <testcase name="testInstance" class="Eloquent\Endec\Base32\Base32HexTest" file="/home/travis/build/ezzatron/endec/test/suite/Base32/Base32HexTest.php" line="99" assertions="2" time="0.004779"/>
    </testsuite>
    <testsuite name="Eloquent\Endec\Base32\Base32Test" file="/home/travis/build/ezzatron/endec/test/suite/Base32/Base32Test.php" namespace="Eloquent\Endec\Base32" fullPackage="Eloquent.Endec.Base32" tests="21" assertions="24" failures="0" errors="0" time="0.131149">
      <testcase name="testConstructor" class="Eloquent\Endec\Base32\Base32Test" file="/home/travis/build/ezzatron/endec/test/suite/Base32/Base32Test.php" line="29" assertions="2" time="0.004878"/>
      <testcase name="testConstructorDefaults" class="Eloquent\Endec\Base32\Base32Test" file="/home/travis/build/ezzatron/endec/test/suite/Base32/Base32Test.php" line="35" assertions="2" time="0.033992"/>
      <testsuite name="Eloquent\Endec\Base32\Base32Test::testEncode" tests="7" assertions="7" failures="0" errors="0" time="0.028049">
        <testcase name="testEncode with data set &quot;RFC 4648 base32 test vector 1&quot;" assertions="1" time="0.003956"/>
        <testcase name="testEncode with data set &quot;RFC 4648 base32 test vector 2&quot;" assertions="1" time="0.003975"/>
        <testcase name="testEncode with data set &quot;RFC 4648 base32 test vector 3&quot;" assertions="1" time="0.004038"/>
        <testcase name="testEncode with data set &quot;RFC 4648 base32 test vector 4&quot;" assertions="1" time="0.003994"/>
        <testcase name="testEncode with data set &quot;RFC 4648 base32 test vector 5&quot;" assertions="1" time="0.003964"/>
        <testcase name="testEncode with data set &quot;RFC 4648 base32 test vector 6&quot;" assertions="1" time="0.004101"/>
        <testcase name="testEncode with data set &quot;RFC 4648 base32 test vector 7&quot;" assertions="1" time="0.004021"/>
      </testsuite>
      <testcase name="testEncodeFullAlphabet" class="Eloquent\Endec\Base32\Base32Test" file="/home/travis/build/ezzatron/endec/test/suite/Base32/Base32Test.php" line="65" assertions="1" time="0.004162"/>
      <testsuite name="Eloquent\Endec\Base32\Base32Test::testDecode" tests="7" assertions="7" failures="0" errors="0" time="0.029725">
        <testcase name="testDecode with data set &quot;RFC 4648 base32 test vector 1&quot;" assertions="1" time="0.004172"/>
        <testcase name="testDecode with data set &quot;RFC 4648 base32 test vector 2&quot;" assertions="1" time="0.004046"/>
        <testcase name="testDecode with data set &quot;RFC 4648 base32 test vector 3&quot;" assertions="1" time="0.004126"/>
        <testcase name="testDecode with data set &quot;RFC 4648 base32 test vector 4&quot;" assertions="1" time="0.004161"/>
        <testcase name="testDecode with data set &quot;RFC 4648 base32 test vector 5&quot;" assertions="1" time="0.004530"/>
        <testcase name="testDecode with data set &quot;RFC 4648 base32 test vector 6&quot;" assertions="1" time="0.004257"/>
        <testcase name="testDecode with data set &quot;RFC 4648 base32 test vector 7&quot;" assertions="1" time="0.004433"/>
      </testsuite>
      <testcase name="testDecodeFullAlphabet" class="Eloquent\Endec\Base32\Base32Test" file="/home/travis/build/ezzatron/endec/test/suite/Base32/Base32Test.php" line="81" assertions="1" time="0.005361"/>
      <testcase name="testCreateEncodeStream" class="Eloquent\Endec\Base32\Base32Test" file="/home/travis/build/ezzatron/endec/test/suite/Base32/Base32Test.php" line="89" assertions="1" time="0.010148"/>
      <testcase name="testCreateDecodeStream" class="Eloquent\Endec\Base32\Base32Test" file="/home/travis/build/ezzatron/endec/test/suite/Base32/Base32Test.php" line="94" assertions="1" time="0.010097"/>
      <testcase name="testInstance" class="Eloquent\Endec\Base32\Base32Test" file="/home/travis/build/ezzatron/endec/test/suite/Base32/Base32Test.php" line="99" assertions="2" time="0.004737"/>
    </testsuite>
    <testsuite name="Eloquent\Endec\Base64\Base64DecodeNativeStreamFilterTest" file="/home/travis/build/ezzatron/endec/test/suite/Base64/Base64DecodeNativeStreamFilterTest.php" namespace="Eloquent\Endec\Base64" fullPackage="Eloquent.Endec.Base64" tests="2" assertions="2" failures="0" errors="0" time="0.011901">
      <testcase name="testFilter" class="Eloquent\Endec\Base64\Base64DecodeNativeStreamFilterTest" file="/home/travis/build/ezzatron/endec/test/suite/Base64/Base64DecodeNativeStreamFilterTest.php" line="30" assertions="1" time="0.006593"/>
      <testcase name="testFilterFailure" class="Eloquent\Endec\Base64\Base64DecodeNativeStreamFilterTest" file="/home/travis/build/ezzatron/endec/test/suite/Base64/Base64DecodeNativeStreamFilterTest.php" line="44" assertions="1" time="0.005308"/>
    </testsuite>
    <testsuite name="Eloquent\Endec\Base64\Base64DecodeTransformTest" file="/home/travis/build/ezzatron/endec/test/suite/Base64/Base64DecodeTransformTest.php" namespace="Eloquent\Endec\Base64" fullPackage="Eloquent.Endec.Base64" tests="22" assertions="27" failures="0" errors="0" time="0.089295">
      <testsuite name="Eloquent\Endec\Base64\Base64DecodeTransformTest::testTransform" tests="9" assertions="9" failures="0" errors="0" time="0.034912">
        <testcase name="testTransform with data set &quot;Empty&quot;" assertions="1" time="0.003752"/>
        <testcase name="testTransform with data set &quot;1 byte&quot;" assertions="1" time="0.003904"/>
        <testcase name="testTransform with data set &quot;2 bytes&quot;" assertions="1" time="0.003702"/>
        <testcase name="testTransform with data set &quot;3 bytes&quot;" assertions="1" time="0.003752"/>
        <testcase name="testTransform with data set &quot;4 bytes&quot;" assertions="1" time="0.003701"/>
        <testcase name="testTransform with data set &quot;5 bytes&quot;" assertions="1" time="0.003946"/>
        <testcase name="testTransform with data set &quot;6 bytes&quot;" assertions="1" time="0.004027"/>
        <testcase name="testTransform with data set &quot;7 bytes&quot;" assertions="1" time="0.004074"/>
        <testcase name="testTransform with data set &quot;8 bytes&quot;" assertions="1" time="0.004054"/>
      </testsuite>
      <testsuite name="Eloquent\Endec\Base64\Base64DecodeTransformTest::testTransformEnd" tests="8" assertions="8" failures="0" errors="0" time="0.031885">
        <testcase name="testTransformEnd with data set &quot;Empty&quot;" assertions="1" time="0.004030"/>
        <testcase name="testTransformEnd with data set &quot;2 bytes&quot;" assertions="1" time="0.004015"/>
        <testcase name="testTransformEnd with data set &quot;3 bytes&quot;" assertions="1" time="0.004025"/>
        <testcase name="testTransformEnd with data set &quot;4 bytes&quot;" assertions="1" time="0.003796"/>
        <testcase name="testTransformEnd with data set &quot;6 bytes&quot;" assertions="1" time="0.003986"/>
        <testcase name="testTransformEnd with data set &quot;7 bytes&quot;" assertions="1" time="0.004041"/>
        <testcase name="testTransformEnd with data set &quot;8 bytes&quot;" assertions="1" time="0.004021"/>
        <testcase name="testTransformEnd with data set &quot;8 bytes with padding&quot;" assertions="1" time="0.003971"/>
      </testsuite>
      <testsuite name="Eloquent\Endec\Base64\Base64DecodeTransformTest::testTransformFailure" tests="4" assertions="8" failures="0" errors="0" time="0.018090">
        <testcase name="testTransformFailure with data set &quot;Characters below range&quot;" assertions="2" time="0.004522"/>
        <testcase name="testTransformFailure with data set &quot;Characters above range&quot;" assertions="2" time="0.004566"/>
        <testcase name="testTransformFailure with data set &quot;1 byte&quot;" assertions="2" time="0.004602"/>
        <testcase name="testTransformFailure with data set &quot;5 bytes&quot;" assertions="2" time="0.004400"/>
      </testsuite>
      <testcase name="testInstance" class="Eloquent\Endec\Base64\Base64DecodeTransformTest" file="/home/travis/build/ezzatron/endec/test/suite/Base64/Base64DecodeTransformTest.php" line="100" assertions="2" time="0.004408"/>
    </testsuite>
    <testsuite name="Eloquent\Endec\Base64\Base64EncodeNativeStreamFilterTest" file="/home/travis/build/ezzatron/endec/test/suite/Base64/Base64EncodeNativeStreamFilterTest.php" namespace="Eloquent\Endec\Base64" fullPackage="Eloquent.Endec.Base64" tests="1" assertions="1" failures="0" errors="0" time="0.006394">
      <testcase name="testFilter" class="Eloquent\Endec\Base64\Base64EncodeNativeStreamFilterTest" file="/home/travis/build/ezzatron/endec/test/suite/Base64/Base64EncodeNativeStreamFilterTest.php" line="30" assertions="1" time="0.006394"/>
    </testsuite>
    <testsuite name="Eloquent\Endec\Base64\Base64EncodeTransformTest" file="/home/travis/build/ezzatron/endec/test/suite/Base64/Base64EncodeTransformTest.php" namespace="Eloquent\Endec\Base64" fullPackage="Eloquent.Endec.Base64" tests="15" assertions="16" failures="0" errors="0" time="0.059156">
      <testsuite name="Eloquent\Endec\Base64\Base64EncodeTransformTest::testTransform" tests="7" assertions="7" failures="0" errors="0" time="0.026992">
        <testcase name="testTransform with data set &quot;Empty&quot;" assertions="1" time="0.003955"/>
        <testcase name="testTransform with data set &quot;1 byte&quot;" assertions="1" time="0.003729"/>
        <testcase name="testTransform with data set &quot;2 bytes&quot;" assertions="1" time="0.003994"/>
        <testcase name="testTransform with data set &quot;3 bytes&quot;" assertions="1" time="0.004035"/>
        <testcase name="testTransform with data set &quot;4 bytes&quot;" assertions="1" time="0.003735"/>
        <testcase name="testTransform with data set &quot;5 bytes&quot;" assertions="1" time="0.003706"/>
        <testcase name="testTransform with data set &quot;6 bytes&quot;" assertions="1" time="0.003838"/>
      </testsuite>
      <testsuite name="Eloquent\Endec\Base64\Base64EncodeTransformTest::testTransformEnd" tests="7" assertions="7" failures="0" errors="0" time="0.027443">
        <testcase name="testTransformEnd with data set &quot;Empty&quot;" assertions="1" time="0.003884"/>
        <testcase name="testTransformEnd with data set &quot;1 byte&quot;" assertions="1" time="0.004117"/>
        <testcase name="testTransformEnd with data set &quot;2 bytes&quot;" assertions="1" time="0.003727"/>
        <testcase name="testTransformEnd with data set &quot;3 bytes&quot;" assertions="1" time="0.003877"/>
        <testcase name="testTransformEnd with data set &quot;4 bytes&quot;" assertions="1" time="0.003797"/>
        <testcase name="testTransformEnd with data set &quot;5 bytes&quot;" assertions="1" time="0.004271"/>
        <testcase name="testTransformEnd with data set &quot;6 bytes&quot;" assertions="1" time="0.003770"/>
      </testsuite>
      <testcase name="testInstance" class="Eloquent\Endec\Base64\Base64EncodeTransformTest" file="/home/travis/build/ezzatron/endec/test/suite/Base64/Base64EncodeTransformTest.php" line="74" assertions="2" time="0.004721"/>
    </testsuite>
    <testsuite name="Eloquent\Endec\Base64\Base64Test" file="/home/travis/build/ezzatron/endec/test/suite/Base64/Base64Test.php" namespace="Eloquent\Endec\Base64" fullPackage="Eloquent.Endec.Base64" tests="21" assertions="24" failures="0" errors="0" time="0.099473">
      <testcase name="testConstructor" class="Eloquent\Endec\Base64\Base64Test" file="/home/travis/build/ezzatron/endec/test/suite/Base64/Base64Test.php" line="29" assertions="2" time="0.005083"/>
      <testcase name="testConstructorDefaults" class="Eloquent\Endec\Base64\Base64Test" file="/home/travis/build/ezzatron/endec/test/suite/Base64/Base64Test.php" line="35" assertions="2" time="0.005515"/>
      <testsuite name="Eloquent\Endec\Base64\Base64Test::testEncode" tests="7" assertions="7" failures="0" errors="0" time="0.028360">
        <testcase name="testEncode with data set &quot;RFC 4648 base64 test vector 1&quot;" assertions="1" time="0.004222"/>
        <testcase name="testEncode with data set &quot;RFC 4648 base64 test vector 2&quot;" assertions="1" time="0.003884"/>
        <testcase name="testEncode with data set &quot;RFC 4648 base64 test vector 3&quot;" assertions="1" time="0.004054"/>
        <testcase name="testEncode with data set &quot;RFC 4648 base64 test vector 4&quot;" assertions="1" time="0.004194"/>
        <testcase name="testEncode with data set &quot;RFC 4648 base64 test vector 5&quot;" assertions="1" time="0.004132"/>
        <testcase name="testEncode with data set &quot;RFC 4648 base64 test vector 6&quot;" assertions="1" time="0.003960"/>
        <testcase name="testEncode with data set &quot;RFC 4648 base64 test vector 7&quot;" assertions="1" time="0.003914"/>
      </testsuite>
      <testcase name="testEncodeFullAlphabet" class="Eloquent\Endec\Base64\Base64Test" file="/home/travis/build/ezzatron/endec/test/suite/Base64/Base64Test.php" line="65" assertions="1" time="0.004089"/>
      <testsuite name="Eloquent\Endec\Base64\Base64Test::testDecode" tests="7" assertions="7" failures="0" errors="0" time="0.028139">
        <testcase name="testDecode with data set &quot;RFC 4648 base64 test vector 1&quot;" assertions="1" time="0.004188"/>
        <testcase name="testDecode with data set &quot;RFC 4648 base64 test vector 2&quot;" assertions="1" time="0.003880"/>
        <testcase name="testDecode with data set &quot;RFC 4648 base64 test vector 3&quot;" assertions="1" time="0.004147"/>
        <testcase name="testDecode with data set &quot;RFC 4648 base64 test vector 4&quot;" assertions="1" time="0.003886"/>
        <testcase name="testDecode with data set &quot;RFC 4648 base64 test vector 5&quot;" assertions="1" time="0.004173"/>
        <testcase name="testDecode with data set &quot;RFC 4648 base64 test vector 6&quot;" assertions="1" time="0.003889"/>
        <testcase name="testDecode with data set &quot;RFC 4648 base64 test vector 7&quot;" assertions="1" time="0.003976"/>
      </testsuite>
      <testcase name="testDecodeFullAlphabet" class="Eloquent\Endec\Base64\Base64Test" file="/home/travis/build/ezzatron/endec/test/suite/Base64/Base64Test.php" line="85" assertions="1" time="0.003940"/>
      <testcase name="testCreateEncodeStream" class="Eloquent\Endec\Base64\Base64Test" file="/home/travis/build/ezzatron/endec/test/suite/Base64/Base64Test.php" line="93" assertions="1" time="0.009844"/>
      <testcase name="testCreateDecodeStream" class="Eloquent\Endec\Base64\Base64Test" file="/home/travis/build/ezzatron/endec/test/suite/Base64/Base64Test.php" line="98" assertions="1" time="0.009837"/>
      <testcase name="testInstance" class="Eloquent\Endec\Base64\Base64Test" file="/home/travis/build/ezzatron/endec/test/suite/Base64/Base64Test.php" line="103" assertions="2" time="0.004666"/>
    </testsuite>
    <testsuite name="Eloquent\Endec\Base64\Base64UrlDecodeNativeStreamFilterTest" file="/home/travis/build/ezzatron/endec/test/suite/Base64/Base64UrlDecodeNativeStreamFilterTest.php" namespace="Eloquent\Endec\Base64" fullPackage="Eloquent.Endec.Base64" tests="2" assertions="2" failures="0" errors="0" time="0.011502">
      <testcase name="testFilter" class="Eloquent\Endec\Base64\Base64UrlDecodeNativeStreamFilterTest" file="/home/travis/build/ezzatron/endec/test/suite/Base64/Base64UrlDecodeNativeStreamFilterTest.php" line="30" assertions="1" time="0.006321"/>
      <testcase name="testFilterFailure" class="Eloquent\Endec\Base64\Base64UrlDecodeNativeStreamFilterTest" file="/home/travis/build/ezzatron/endec/test/suite/Base64/Base64UrlDecodeNativeStreamFilterTest.php" line="44" assertions="1" time="0.005181"/>
    </testsuite>
    <testsuite name="Eloquent\Endec\Base64\Base64UrlDecodeTransformTest" file="/home/travis/build/ezzatron/endec/test/suite/Base64/Base64UrlDecodeTransformTest.php" namespace="Eloquent\Endec\Base64" fullPackage="Eloquent.Endec.Base64" tests="21" assertions="26" failures="0" errors="0" time="0.083297">
      <testsuite name="Eloquent\Endec\Base64\Base64UrlDecodeTransformTest::testTransform" tests="9" assertions="9" failures="0" errors="0" time="0.033928">
        <testcase name="testTransform with data set &quot;Empty&quot;" assertions="1" time="0.003807"/>
        <testcase name="testTransform with data set &quot;1 byte&quot;" assertions="1" time="0.003737"/>
        <testcase name="testTransform with data set &quot;2 bytes&quot;" assertions="1" time="0.003700"/>
        <testcase name="testTransform with data set &quot;3 bytes&quot;" assertions="1" time="0.003700"/>
        <testcase name="testTransform with data set &quot;4 bytes&quot;" assertions="1" time="0.003826"/>
        <testcase name="testTransform with data set &quot;5 bytes&quot;" assertions="1" time="0.003784"/>
        <testcase name="testTransform with data set &quot;6 bytes&quot;" assertions="1" time="0.003813"/>
        <testcase name="testTransform with data set &quot;7 bytes&quot;" assertions="1" time="0.003799"/>
        <testcase name="testTransform with data set &quot;8 bytes&quot;" assertions="1" time="0.003762"/>
      </testsuite>
      <testsuite name="Eloquent\Endec\Base64\Base64UrlDecodeTransformTest::testTransformEnd" tests="7" assertions="7" failures="0" errors="0" time="0.027085">
        <testcase name="testTransformEnd with data set &quot;Empty&quot;" assertions="1" time="0.003806"/>
        <testcase name="testTransformEnd with data set &quot;2 bytes&quot;" assertions="1" time="0.003836"/>
        <testcase name="testTransformEnd with data set &quot;3 bytes&quot;" assertions="1" time="0.004042"/>
        <testcase name="testTransformEnd with data set &quot;4 bytes&quot;" assertions="1" time="0.003759"/>
        <testcase name="testTransformEnd with data set &quot;6 bytes&quot;" assertions="1" time="0.003745"/>
        <testcase name="testTransformEnd with data set &quot;7 bytes&quot;" assertions="1" time="0.004032"/>
        <testcase name="testTransformEnd with data set &quot;8 bytes&quot;" assertions="1" time="0.003865"/>
      </testsuite>
      <testsuite name="Eloquent\Endec\Base64\Base64UrlDecodeTransformTest::testTransformFailure" tests="4" assertions="8" failures="0" errors="0" time="0.017841">
        <testcase name="testTransformFailure with data set &quot;Characters below range&quot;" assertions="2" time="0.004653"/>
        <testcase name="testTransformFailure with data set &quot;Characters above range&quot;" assertions="2" time="0.004383"/>
        <testcase name="testTransformFailure with data set &quot;1 byte&quot;" assertions="2" time="0.004448"/>
        <testcase name="testTransformFailure with data set &quot;5 bytes&quot;" assertions="2" time="0.004357"/>
      </testsuite>
      <testcase name="testInstance" class="Eloquent\Endec\Base64\Base64UrlDecodeTransformTest" file="/home/travis/build/ezzatron/endec/test/suite/Base64/Base64UrlDecodeTransformTest.php" line="99" assertions="2" time="0.004442"/>
    </testsuite>
    <testsuite name="Eloquent\Endec\Base64\Base64UrlEncodeNativeStreamFilterTest" file="/home/travis/build/ezzatron/endec/test/suite/Base64/Base64UrlEncodeNativeStreamFilterTest.php" namespace="Eloquent\Endec\Base64" fullPackage="Eloquent.Endec.Base64" tests="1" assertions="1" failures="0" errors="0" time="0.006348">
      <testcase name="testFilter" class="Eloquent\Endec\Base64\Base64UrlEncodeNativeStreamFilterTest" file="/home/travis/build/ezzatron/endec/test/suite/Base64/Base64UrlEncodeNativeStreamFilterTest.php" line="30" assertions="1" time="0.006348"/>
    </testsuite>
    <testsuite name="Eloquent\Endec\Base64\Base64UrlEncodeTransformTest" file="/home/travis/build/ezzatron/endec/test/suite/Base64/Base64UrlEncodeTransformTest.php" namespace="Eloquent\Endec\Base64" fullPackage="Eloquent.Endec.Base64" tests="15" assertions="16" failures="0" errors="0" time="0.058162">
      <testsuite name="Eloquent\Endec\Base64\Base64UrlEncodeTransformTest::testTransform" tests="7" assertions="7" failures="0" errors="0" time="0.027080">
        <testcase name="testTransform with data set &quot;Empty&quot;" assertions="1" time="0.004216"/>
        <testcase name="testTransform with data set &quot;1 byte&quot;" assertions="1" time="0.003951"/>
        <testcase name="testTransform with data set &quot;2 bytes&quot;" assertions="1" time="0.003784"/>
        <testcase name="testTransform with data set &quot;3 bytes&quot;" assertions="1" time="0.003824"/>
        <testcase name="testTransform with data set &quot;4 bytes&quot;" assertions="1" time="0.003768"/>
        <testcase name="testTransform with data set &quot;5 bytes&quot;" assertions="1" time="0.003795"/>
        <testcase name="testTransform with data set &quot;6 bytes&quot;" assertions="1" time="0.003742"/>
      </testsuite>
      <testsuite name="Eloquent\Endec\Base64\Base64UrlEncodeTransformTest::testTransformEnd" tests="7" assertions="7" failures="0" errors="0" time="0.026561">
        <testcase name="testTransformEnd with data set &quot;Empty&quot;" assertions="1" time="0.003849"/>
        <testcase name="testTransformEnd with data set &quot;1 byte&quot;" assertions="1" time="0.003784"/>
        <testcase name="testTransformEnd with data set &quot;2 bytes&quot;" assertions="1" time="0.003775"/>
        <testcase name="testTransformEnd with data set &quot;3 bytes&quot;" assertions="1" time="0.003746"/>
        <testcase name="testTransformEnd with data set &quot;4 bytes&quot;" assertions="1" time="0.003851"/>
        <testcase name="testTransformEnd with data set &quot;5 bytes&quot;" assertions="1" time="0.003779"/>
        <testcase name="testTransformEnd with data set &quot;6 bytes&quot;" assertions="1" time="0.003776"/>
      </testsuite>
      <testcase name="testInstance" class="Eloquent\Endec\Base64\Base64UrlEncodeTransformTest" file="/home/travis/build/ezzatron/endec/test/suite/Base64/Base64UrlEncodeTransformTest.php" line="74" assertions="2" time="0.004521"/>
    </testsuite>
    <testsuite name="Eloquent\Endec\Base64\Base64UrlTest" file="/home/travis/build/ezzatron/endec/test/suite/Base64/Base64UrlTest.php" namespace="Eloquent\Endec\Base64" fullPackage="Eloquent.Endec.Base64" tests="21" assertions="24" failures="0" errors="0" time="0.098860">
      <testcase name="testConstructor" class="Eloquent\Endec\Base64\Base64UrlTest" file="/home/travis/build/ezzatron/endec/test/suite/Base64/Base64UrlTest.php" line="29" assertions="2" time="0.004840"/>
      <testcase name="testConstructorDefaults" class="Eloquent\Endec\Base64\Base64UrlTest" file="/home/travis/build/ezzatron/endec/test/suite/Base64/Base64UrlTest.php" line="35" assertions="2" time="0.005247"/>
      <testsuite name="Eloquent\Endec\Base64\Base64UrlTest::testEncode" tests="7" assertions="7" failures="0" errors="0" time="0.027897">
        <testcase name="testEncode with data set &quot;RFC 4648 base64 test vector 1&quot;" assertions="1" time="0.003940"/>
        <testcase name="testEncode with data set &quot;RFC 4648 base64 test vector 2&quot;" assertions="1" time="0.003944"/>
        <testcase name="testEncode with data set &quot;RFC 4648 base64 test vector 3&quot;" assertions="1" time="0.003905"/>
        <testcase name="testEncode with data set &quot;RFC 4648 base64 test vector 4&quot;" assertions="1" time="0.003967"/>
        <testcase name="testEncode with data set &quot;RFC 4648 base64 test vector 5&quot;" assertions="1" time="0.004010"/>
        <testcase name="testEncode with data set &quot;RFC 4648 base64 test vector 6&quot;" assertions="1" time="0.004189"/>
        <testcase name="testEncode with data set &quot;RFC 4648 base64 test vector 7&quot;" assertions="1" time="0.003942"/>
      </testsuite>
      <testcase name="testEncodeFullAlphabet" class="Eloquent\Endec\Base64\Base64UrlTest" file="/home/travis/build/ezzatron/endec/test/suite/Base64/Base64UrlTest.php" line="65" assertions="1" time="0.004103"/>
      <testsuite name="Eloquent\Endec\Base64\Base64UrlTest::testDecode" tests="7" assertions="7" failures="0" errors="0" time="0.027768">
        <testcase name="testDecode with data set &quot;RFC 4648 base64 test vector 1&quot;" assertions="1" time="0.003937"/>
        <testcase name="testDecode with data set &quot;RFC 4648 base64 test vector 2&quot;" assertions="1" time="0.003972"/>
        <testcase name="testDecode with data set &quot;RFC 4648 base64 test vector 3&quot;" assertions="1" time="0.003991"/>
        <testcase name="testDecode with data set &quot;RFC 4648 base64 test vector 4&quot;" assertions="1" time="0.003964"/>
        <testcase name="testDecode with data set &quot;RFC 4648 base64 test vector 5&quot;" assertions="1" time="0.003941"/>
        <testcase name="testDecode with data set &quot;RFC 4648 base64 test vector 6&quot;" assertions="1" time="0.003988"/>
        <testcase name="testDecode with data set &quot;RFC 4648 base64 test vector 7&quot;" assertions="1" time="0.003975"/>
      </testsuite>
      <testcase name="testDecodeFullAlphabet" class="Eloquent\Endec\Base64\Base64UrlTest" file="/home/travis/build/ezzatron/endec/test/suite/Base64/Base64UrlTest.php" line="85" assertions="1" time="0.003973"/>
      <testcase name="testCreateEncodeStream" class="Eloquent\Endec\Base64\Base64UrlTest" file="/home/travis/build/ezzatron/endec/test/suite/Base64/Base64UrlTest.php" line="93" assertions="1" time="0.010001"/>
      <testcase name="testCreateDecodeStream" class="Eloquent\Endec\Base64\Base64UrlTest" file="/home/travis/build/ezzatron/endec/test/suite/Base64/Base64UrlTest.php" line="98" assertions="1" time="0.010276"/>
      <testcase name="testInstance" class="Eloquent\Endec\Base64\Base64UrlTest" file="/home/travis/build/ezzatron/endec/test/suite/Base64/Base64UrlTest.php" line="103" assertions="2" time="0.004754"/>
    </testsuite>
    <testsuite name="Eloquent\Endec\CodecTest" file="/home/travis/build/ezzatron/endec/test/suite/CodecTest.php" namespace="Eloquent\Endec" fullPackage="Eloquent.Endec" tests="5" assertions="6" failures="0" errors="0" time="0.050672">
      <testcase name="testConstructor" class="Eloquent\Endec\CodecTest" file="/home/travis/build/ezzatron/endec/test/suite/CodecTest.php" line="37" assertions="2" time="0.008532"/>
      <testcase name="testEncode" class="Eloquent\Endec\CodecTest" file="/home/travis/build/ezzatron/endec/test/suite/CodecTest.php" line="43" assertions="1" time="0.007941"/>
      <testcase name="testDecode" class="Eloquent\Endec\CodecTest" file="/home/travis/build/ezzatron/endec/test/suite/CodecTest.php" line="48" assertions="1" time="0.007683"/>
      <testcase name="testCreateEncodeStream" class="Eloquent\Endec\CodecTest" file="/home/travis/build/ezzatron/endec/test/suite/CodecTest.php" line="53" assertions="1" time="0.013255"/>
      <testcase name="testCreateDecodeStream" class="Eloquent\Endec\CodecTest" file="/home/travis/build/ezzatron/endec/test/suite/CodecTest.php" line="58" assertions="1" time="0.013261"/>
    </testsuite>
    <testsuite name="Eloquent\Endec\DecoderTest" file="/home/travis/build/ezzatron/endec/test/suite/DecoderTest.php" namespace="Eloquent\Endec" fullPackage="Eloquent.Endec" tests="3" assertions="3" failures="0" errors="0" time="0.025051">
      <testcase name="testConstructor" class="Eloquent\Endec\DecoderTest" file="/home/travis/build/ezzatron/endec/test/suite/DecoderTest.php" line="38" assertions="1" time="0.006443"/>
      <testcase name="testDecode" class="Eloquent\Endec\DecoderTest" file="/home/travis/build/ezzatron/endec/test/suite/DecoderTest.php" line="43" assertions="1" time="0.006615"/>
      <testcase name="testCreateDecodeStream" class="Eloquent\Endec\DecoderTest" file="/home/travis/build/ezzatron/endec/test/suite/DecoderTest.php" line="48" assertions="1" time="0.011993"/>
    </testsuite>
    <testsuite name="Eloquent\Endec\EncoderTest" file="/home/travis/build/ezzatron/endec/test/suite/EncoderTest.php" namespace="Eloquent\Endec" fullPackage="Eloquent.Endec" tests="3" assertions="3" failures="0" errors="0" time="0.025285">
      <testcase name="testConstructor" class="Eloquent\Endec\EncoderTest" file="/home/travis/build/ezzatron/endec/test/suite/EncoderTest.php" line="38" assertions="1" time="0.006429"/>
      <testcase name="testEncode" class="Eloquent\Endec\EncoderTest" file="/home/travis/build/ezzatron/endec/test/suite/EncoderTest.php" line="43" assertions="1" time="0.006612"/>
      <testcase name="testCreateEncodeStream" class="Eloquent\Endec\EncoderTest" file="/home/travis/build/ezzatron/endec/test/suite/EncoderTest.php" line="48" assertions="1" time="0.012244"/>
    </testsuite>
    <testsuite name="Eloquent\Endec\EndecTest" file="/home/travis/build/ezzatron/endec/test/suite/EndecTest.php" namespace="Eloquent\Endec" fullPackage="Eloquent.Endec" tests="1" assertions="10" failures="0" errors="0" time="0.174620">
      <testcase name="testRegisterFilters" class="Eloquent\Endec\EndecTest" file="/home/travis/build/ezzatron/endec/test/suite/EndecTest.php" line="20" assertions="10" time="0.174620"/>
    </testsuite>
    <testsuite name="Eloquent\Endec\Exception\InvalidEncodedDataExceptionTest" file="/home/travis/build/ezzatron/endec/test/suite/Exception/InvalidEncodedDataExceptionTest.php" namespace="Eloquent\Endec\Exception" fullPackage="Eloquent.Endec.Exception" tests="1" assertions="5" failures="0" errors="0" time="0.004755">
      <testcase name="testException" class="Eloquent\Endec\Exception\InvalidEncodedDataExceptionTest" file="/home/travis/build/ezzatron/endec/test/suite/Exception/InvalidEncodedDataExceptionTest.php" line="19" assertions="5" time="0.004755"/>
    </testsuite>
    <testsuite name="Eloquent\Endec\Transform\TransformStreamTest" file="/home/travis/build/ezzatron/endec/test/suite/Transform/TransformStreamTest.php" namespace="Eloquent\Endec\Transform" fullPackage="Eloquent.Endec.Transform" tests="16" assertions="51" failures="0" errors="0" time="0.129621">
      <testcase name="testConstructor" class="Eloquent\Endec\Transform\TransformStreamTest" file="/home/travis/build/ezzatron/endec/test/suite/Transform/TransformStreamTest.php" line="63" assertions="4" time="0.007698"/>
      <testcase name="testConstructorDefaults" class="Eloquent\Endec\Transform\TransformStreamTest" file="/home/travis/build/ezzatron/endec/test/suite/Transform/TransformStreamTest.php" line="71" assertions="1" time="0.005645"/>
      <testsuite name="Eloquent\Endec\Transform\TransformStreamTest::testWriteEnd" tests="5" assertions="20" failures="0" errors="0" time="0.040883">
        <testcase name="testWriteEnd with data set &quot;1 byte(s)&quot;" assertions="4" time="0.007651"/>
        <testcase name="testWriteEnd with data set &quot;2 byte(s)&quot;" assertions="4" time="0.007863"/>
        <testcase name="testWriteEnd with data set &quot;3 byte(s)&quot;" assertions="4" time="0.008720"/>
        <testcase name="testWriteEnd with data set &quot;4 byte(s)&quot;" assertions="4" time="0.007975"/>
        <testcase name="testWriteEnd with data set &quot;5 byte(s)&quot;" assertions="4" time="0.008674"/>
      </testsuite>
      <testsuite name="Eloquent\Endec\Transform\TransformStreamTest::testEnd" tests="5" assertions="15" failures="0" errors="0" time="0.041264">
        <testcase name="testEnd with data set &quot;1 byte(s)&quot;" assertions="3" time="0.007577"/>
        <testcase name="testEnd with data set &quot;2 byte(s)&quot;" assertions="3" time="0.008090"/>
        <testcase name="testEnd with data set &quot;3 byte(s)&quot;" assertions="3" time="0.008149"/>
        <testcase name="testEnd with data set &quot;4 byte(s)&quot;" assertions="3" time="0.009215"/>
        <testcase name="testEnd with data set &quot;5 byte(s)&quot;" assertions="3" time="0.008233"/>
      </testsuite>
      <testcase name="testEndEmptyString" class="Eloquent\Endec\Transform\TransformStreamTest" file="/home/travis/build/ezzatron/endec/test/suite/Transform/TransformStreamTest.php" line="114" assertions="1" time="0.006030"/>
      <testcase name="testClose" class="Eloquent\Endec\Transform\TransformStreamTest" file="/home/travis/build/ezzatron/endec/test/suite/Transform/TransformStreamTest.php" line="121" assertions="4" time="0.009079"/>
      <testcase name="testPauseResume" class="Eloquent\Endec\Transform\TransformStreamTest" file="/home/travis/build/ezzatron/endec/test/suite/Transform/TransformStreamTest.php" line="134" assertions="5" time="0.008930"/>
      <testcase name="testPipe" class="Eloquent\Endec\Transform\TransformStreamTest" file="/home/travis/build/ezzatron/endec/test/suite/Transform/TransformStreamTest.php" line="151" assertions="1" time="0.010092"/>
    </testsuite>
  </testsuite>
</testsuites>
